2017-08-18 11:07:26,768 [32mINFO[m - [33m[bootstrap,,,][m - [[32mo.s.c.a.AnnotationConfigApplicationContext[m]  - Refreshing org.springframework.context.annotation.AnnotationConfigApplicationContext@73173f63: startup date [Fri Aug 18 11:07:26 CST 2017]; root of context hierarchy
2017-08-18 11:07:27,017 [32mINFO[m - [33m[bootstrap,,,][m - [[32mo.h.v.i.u.Version[m]  - HV000001: Hibernate Validator 5.2.4.Final
2017-08-18 11:07:27,145 [32mINFO[m - [33m[bootstrap,,,][m - [[32mo.s.b.f.a.AutowiredAnnotationBeanPostProcessor[m]  - JSR-330 'javax.inject.Inject' annotation found and supported for autowiring
2017-08-18 11:07:27,234 [32mINFO[m - [33m[bootstrap,,,][m - [[32mo.s.c.s.PostProcessorRegistrationDelegate$BeanPostProcessorChecker[m]  - Bean 'configurationPropertiesRebinderAutoConfiguration' of type [org.springframework.cloud.autoconfigure.ConfigurationPropertiesRebinderAutoConfiguration$$EnhancerBySpringCGLIB$$3645a226] is not eligible for getting processed by all BeanPostProcessors (for example: not eligible for auto-proxying)
2017-08-18 11:07:27,842 [32mINFO[m - [33m[,,,][m - [[32mc.d.b.a.AppServiceApp[m]  - No active profile set, falling back to default profiles: default
2017-08-18 11:07:27,858 [32mINFO[m - [33m[,,,][m - [[32mo.s.b.c.e.AnnotationConfigEmbeddedWebApplicationContext[m]  - Refreshing org.springframework.boot.context.embedded.AnnotationConfigEmbeddedWebApplicationContext@6f815e7f: startup date [Fri Aug 18 11:07:27 CST 2017]; parent: org.springframework.context.annotation.AnnotationConfigApplicationContext@73173f63
2017-08-18 11:07:29,593 [32mINFO[m - [33m[,,,][m - [[32mo.s.i.c.IntegrationRegistrar[m]  - No bean named 'integrationHeaderChannelRegistry' has been explicitly defined. Therefore, a default DefaultHeaderChannelRegistry will be created.
2017-08-18 11:07:29,627 [32mINFO[m - [33m[,,,][m - [[32mo.s.b.f.s.DefaultListableBeanFactory[m]  - Overriding bean definition for bean 'dataSource' with a different definition: replacing [Root bean: class [null]; scope=; abstract=false; lazyInit=false; autowireMode=3; dependencyCheck=0; autowireCandidate=true; primary=false; factoryBeanName=org.springframework.boot.autoconfigure.jdbc.DataSourceConfiguration$Hikari; factoryMethodName=dataSource; initMethodName=null; destroyMethodName=(inferred); defined in class path resource [org/springframework/boot/autoconfigure/jdbc/DataSourceConfiguration$Hikari.class]] with [Root bean: class [null]; scope=; abstract=false; lazyInit=false; autowireMode=3; dependencyCheck=0; autowireCandidate=true; primary=false; factoryBeanName=org.springframework.boot.autoconfigure.jdbc.DataSourceConfiguration$Tomcat; factoryMethodName=dataSource; initMethodName=null; destroyMethodName=(inferred); defined in class path resource [org/springframework/boot/autoconfigure/jdbc/DataSourceConfiguration$Tomcat.class]]
2017-08-18 11:07:29,660 [32mINFO[m - [33m[,,,][m - [[32mo.s.b.f.s.DefaultListableBeanFactory[m]  - Overriding bean definition for bean 'ignoredPathsWebSecurityConfigurerAdapter' with a different definition: replacing [Root bean: class [null]; scope=; abstract=false; lazyInit=false; autowireMode=3; dependencyCheck=0; autowireCandidate=true; primary=false; factoryBeanName=org.springframework.boot.autoconfigure.security.SpringBootWebSecurityConfiguration; factoryMethodName=ignoredPathsWebSecurityConfigurerAdapter; initMethodName=null; destroyMethodName=(inferred); defined in class path resource [org/springframework/boot/autoconfigure/security/SpringBootWebSecurityConfiguration.class]] with [Root bean: class [null]; scope=; abstract=false; lazyInit=false; autowireMode=3; dependencyCheck=0; autowireCandidate=true; primary=false; factoryBeanName=org.springframework.boot.actuate.autoconfigure.ManagementWebSecurityAutoConfiguration; factoryMethodName=ignoredPathsWebSecurityConfigurerAdapter; initMethodName=null; destroyMethodName=(inferred); defined in class path resource [org/springframework/boot/actuate/autoconfigure/ManagementWebSecurityAutoConfiguration.class]]
2017-08-18 11:07:29,839 [32mINFO[m - [33m[,,,][m - [[32mo.s.b.f.s.DefaultListableBeanFactory[m]  - Overriding bean definition for bean 'managementServletContext' with a different definition: replacing [Root bean: class [null]; scope=; abstract=false; lazyInit=false; autowireMode=3; dependencyCheck=0; autowireCandidate=true; primary=false; factoryBeanName=org.springframework.boot.actuate.autoconfigure.EndpointWebMvcHypermediaManagementContextConfiguration; factoryMethodName=managementServletContext; initMethodName=null; destroyMethodName=(inferred); defined in class path resource [org/springframework/boot/actuate/autoconfigure/EndpointWebMvcHypermediaManagementContextConfiguration.class]] with [Root bean: class [null]; scope=; abstract=false; lazyInit=false; autowireMode=3; dependencyCheck=0; autowireCandidate=true; primary=false; factoryBeanName=org.springframework.boot.actuate.autoconfigure.EndpointWebMvcAutoConfiguration; factoryMethodName=managementServletContext; initMethodName=null; destroyMethodName=(inferred); defined in class path resource [org/springframework/boot/actuate/autoconfigure/EndpointWebMvcAutoConfiguration.class]]
2017-08-18 11:07:30,121 [33mWARN[m - [33m[,,,][m - [[33mo.s.c.a.ConfigurationClassPostProcessor[m]  - Cannot enhance @Configuration bean definition 'refreshScope' since its singleton instance has been created too early. The typical cause is a non-static @Bean method with a BeanDefinitionRegistryPostProcessor return type: Consider declaring such methods as 'static'.
2017-08-18 11:07:30,468 [32mINFO[m - [33m[,,,][m - [[32mo.s.c.c.s.GenericScope[m]  - BeanFactory id=eb33d4dc-f92a-3144-b172-fa3976de81db
2017-08-18 11:07:30,490 [32mINFO[m - [33m[,,,][m - [[32mo.s.i.c.DefaultConfiguringBeanFactoryPostProcessor[m]  - No bean named 'errorChannel' has been explicitly defined. Therefore, a default PublishSubscribeChannel will be created.
2017-08-18 11:07:30,492 [32mINFO[m - [33m[,,,][m - [[32mo.s.i.c.DefaultConfiguringBeanFactoryPostProcessor[m]  - No bean named 'taskScheduler' has been explicitly defined. Therefore, a default ThreadPoolTaskScheduler will be created.
2017-08-18 11:07:30,510 [32mINFO[m - [33m[,,,][m - [[32mo.s.b.f.a.AutowiredAnnotationBeanPostProcessor[m]  - JSR-330 'javax.inject.Inject' annotation found and supported for autowiring
2017-08-18 11:07:30,532 [32mINFO[m - [33m[,,,][m - [[32mo.s.c.s.PostProcessorRegistrationDelegate$BeanPostProcessorChecker[m]  - Bean 'shiroConfiguration' of type [com.dhxa.bizcloud.appservice.security.ShiroConfiguration$$EnhancerBySpringCGLIB$$6fc817f] is not eligible for getting processed by all BeanPostProcessors (for example: not eligible for auto-proxying)
2017-08-18 11:07:31,336 [32mINFO[m - [33m[,,,][m - [[32mo.s.c.s.PostProcessorRegistrationDelegate$BeanPostProcessorChecker[m]  - Bean 'sysAuthRealm' of type [com.dhxa.bizcloud.appservice.security.SysAuthRealm] is not eligible for getting processed by all BeanPostProcessors (for example: not eligible for auto-proxying)
2017-08-18 11:07:31,429 [32mINFO[m - [33m[,,,][m - [[32mo.s.c.s.PostProcessorRegistrationDelegate$BeanPostProcessorChecker[m]  - Bean 'shiroEhcacheManager' of type [org.apache.shiro.cache.ehcache.EhCacheManager] is not eligible for getting processed by all BeanPostProcessors (for example: not eligible for auto-proxying)
2017-08-18 11:07:31,430 [32mINFO[m - [33m[,,,][m - [[32mo.a.s.c.e.EhCacheManager[m]  - Cache with name 'com.dhxa.bizcloud.appservice.security.SysAuthRealm.authorizationCache' does not yet exist.  Creating now.
2017-08-18 11:07:31,456 [32mINFO[m - [33m[,,,][m - [[32mo.a.s.c.e.EhCacheManager[m]  - Added EhCache named [com.dhxa.bizcloud.appservice.security.SysAuthRealm.authorizationCache]
2017-08-18 11:07:31,468 [32mINFO[m - [33m[,,,][m - [[32mo.s.c.s.PostProcessorRegistrationDelegate$BeanPostProcessorChecker[m]  - Bean 'securityManager' of type [org.apache.shiro.web.mgt.DefaultWebSecurityManager] is not eligible for getting processed by all BeanPostProcessors (for example: not eligible for auto-proxying)
2017-08-18 11:07:31,475 [32mINFO[m - [33m[,,,][m - [[32mo.s.c.s.PostProcessorRegistrationDelegate$BeanPostProcessorChecker[m]  - Bean 'com.dhxa.bizcloud.appservice.client.system.DeptClient' of type [org.springframework.cloud.netflix.feign.FeignClientFactoryBean] is not eligible for getting processed by all BeanPostProcessors (for example: not eligible for auto-proxying)
2017-08-18 11:07:31,477 [32mINFO[m - [33m[,,,][m - [[32mo.s.c.s.PostProcessorRegistrationDelegate$BeanPostProcessorChecker[m]  - Bean 'com.dhxa.bizcloud.appservice.client.UserClient' of type [org.springframework.cloud.netflix.feign.FeignClientFactoryBean] is not eligible for getting processed by all BeanPostProcessors (for example: not eligible for auto-proxying)
2017-08-18 11:07:31,492 [32mINFO[m - [33m[,,,][m - [[32mo.s.c.s.PostProcessorRegistrationDelegate$BeanPostProcessorChecker[m]  - Bean 'org.springframework.amqp.rabbit.annotation.RabbitBootstrapConfiguration' of type [org.springframework.amqp.rabbit.annotation.RabbitBootstrapConfiguration$$EnhancerBySpringCGLIB$$e0975d57] is not eligible for getting processed by all BeanPostProcessors (for example: not eligible for auto-proxying)
2017-08-18 11:07:31,603 [32mINFO[m - [33m[,,,][m - [[32mo.s.c.s.PostProcessorRegistrationDelegate$BeanPostProcessorChecker[m]  - Bean 'org.springframework.cloud.sleuth.instrument.async.AsyncDefaultAutoConfiguration$DefaultAsyncConfigurerSupport' of type [org.springframework.cloud.sleuth.instrument.async.AsyncDefaultAutoConfiguration$DefaultAsyncConfigurerSupport$$EnhancerBySpringCGLIB$$576d3cec] is not eligible for getting processed by all BeanPostProcessors (for example: not eligible for auto-proxying)
2017-08-18 11:07:31,671 [32mINFO[m - [33m[,,,][m - [[32mo.s.c.s.PostProcessorRegistrationDelegate$BeanPostProcessorChecker[m]  - Bean 'getAuthorizationAttributeSourceAdvisor' of type [org.apache.shiro.spring.security.interceptor.AuthorizationAttributeSourceAdvisor] is not eligible for getting processed by all BeanPostProcessors (for example: not eligible for auto-proxying)
2017-08-18 11:07:31,787 [32mINFO[m - [33m[,,,][m - [[32mo.s.c.s.PostProcessorRegistrationDelegate$BeanPostProcessorChecker[m]  - Bean 'org.springframework.transaction.annotation.ProxyTransactionManagementConfiguration' of type [org.springframework.transaction.annotation.ProxyTransactionManagementConfiguration$$EnhancerBySpringCGLIB$$1a2b9f29] is not eligible for getting processed by all BeanPostProcessors (for example: not eligible for auto-proxying)
2017-08-18 11:07:32,165 [32mINFO[m - [33m[,,,][m - [[32mo.s.c.s.PostProcessorRegistrationDelegate$BeanPostProcessorChecker[m]  - Bean 'org.springframework.cloud.stream.config.BindingServiceConfiguration$PostProcessorConfiguration' of type [org.springframework.cloud.stream.config.BindingServiceConfiguration$PostProcessorConfiguration$$EnhancerBySpringCGLIB$$dbf33d2e] is not eligible for getting processed by all BeanPostProcessors (for example: not eligible for auto-proxying)
2017-08-18 11:07:32,281 [32mINFO[m - [33m[,,,][m - [[32mo.s.c.s.PostProcessorRegistrationDelegate$BeanPostProcessorChecker[m]  - Bean 'integrationGlobalProperties' of type [org.springframework.beans.factory.config.PropertiesFactoryBean] is not eligible for getting processed by all BeanPostProcessors (for example: not eligible for auto-proxying)
2017-08-18 11:07:32,292 [32mINFO[m - [33m[,,,][m - [[32mo.s.c.s.PostProcessorRegistrationDelegate$BeanPostProcessorChecker[m]  - Bean 'integrationGlobalProperties' of type [java.util.Properties] is not eligible for getting processed by all BeanPostProcessors (for example: not eligible for auto-proxying)
2017-08-18 11:07:32,462 [32mINFO[m - [33m[,,,][m - [[32mo.s.c.s.PostProcessorRegistrationDelegate$BeanPostProcessorChecker[m]  - Bean 'org.springframework.cloud.autoconfigure.ConfigurationPropertiesRebinderAutoConfiguration' of type [org.springframework.cloud.autoconfigure.ConfigurationPropertiesRebinderAutoConfiguration$$EnhancerBySpringCGLIB$$3645a226] is not eligible for getting processed by all BeanPostProcessors (for example: not eligible for auto-proxying)
2017-08-18 11:07:32,487 [32mINFO[m - [33m[,,,][m - [[32mo.s.c.s.PostProcessorRegistrationDelegate$BeanPostProcessorChecker[m]  - Bean 'org.springframework.cloud.sleuth.instrument.web.client.feign.TraceFeignClientAutoConfiguration$FeignBeanPostProcessorConfiguration' of type [org.springframework.cloud.sleuth.instrument.web.client.feign.TraceFeignClientAutoConfiguration$FeignBeanPostProcessorConfiguration$$EnhancerBySpringCGLIB$$59bd77ef] is not eligible for getting processed by all BeanPostProcessors (for example: not eligible for auto-proxying)
2017-08-18 11:07:33,092 [32mINFO[m - [33m[,,,][m - [[32mo.s.b.c.e.t.TomcatEmbeddedServletContainer[m]  - Tomcat initialized with port(s): 8086 (http)
2017-08-18 11:07:33,109 [32mINFO[m - [33m[,,,][m - [[32mo.a.c.c.StandardService[m]  - Starting service Tomcat
2017-08-18 11:07:33,111 [32mINFO[m - [33m[,,,][m - [[32mo.a.c.c.StandardEngine[m]  - Starting Servlet Engine: Apache Tomcat/8.5.11
2017-08-18 11:07:33,452 [32mINFO[m - [33m[,,,][m - [[32mo.a.c.c.C.[.[.[/][m]  - Initializing Spring embedded WebApplicationContext
2017-08-18 11:07:33,453 [32mINFO[m - [33m[,,,][m - [[32mo.s.w.c.ContextLoader[m]  - Root WebApplicationContext: initialization completed in 5595 ms
2017-08-18 11:07:35,251 [32mINFO[m - [33m[,,,][m - [[32mo.s.b.w.s.FilterRegistrationBean[m]  - Mapping filter: 'metricsFilter' to: [/*]
2017-08-18 11:07:35,252 [32mINFO[m - [33m[,,,][m - [[32mo.s.b.w.s.FilterRegistrationBean[m]  - Mapping filter: 'characterEncodingFilter' to: [/*]
2017-08-18 11:07:35,252 [32mINFO[m - [33m[,,,][m - [[32mo.s.b.w.s.FilterRegistrationBean[m]  - Mapping filter: 'traceFilter' to: [/*]
2017-08-18 11:07:35,252 [32mINFO[m - [33m[,,,][m - [[32mo.s.b.w.s.FilterRegistrationBean[m]  - Mapping filter: 'hiddenHttpMethodFilter' to: [/*]
2017-08-18 11:07:35,252 [32mINFO[m - [33m[,,,][m - [[32mo.s.b.w.s.FilterRegistrationBean[m]  - Mapping filter: 'httpPutFormContentFilter' to: [/*]
2017-08-18 11:07:35,253 [32mINFO[m - [33m[,,,][m - [[32mo.s.b.w.s.FilterRegistrationBean[m]  - Mapping filter: 'requestContextFilter' to: [/*]
2017-08-18 11:07:35,255 [32mINFO[m - [33m[,,,][m - [[32mo.s.b.w.s.DelegatingFilterProxyRegistrationBean[m]  - Mapping filter: 'springSecurityFilterChain' to: [/*]
2017-08-18 11:07:35,255 [32mINFO[m - [33m[,,,][m - [[32mo.s.b.w.s.FilterRegistrationBean[m]  - Mapping filter: 'webRequestLoggingFilter' to: [/*]
2017-08-18 11:07:35,255 [32mINFO[m - [33m[,,,][m - [[32mo.s.b.w.s.FilterRegistrationBean[m]  - Mapping filter: 'shiroFilter' to: [/*]
2017-08-18 11:07:35,255 [32mINFO[m - [33m[,,,][m - [[32mo.s.b.w.s.FilterRegistrationBean[m]  - Mapping filter: 'applicationContextIdFilter' to: [/*]
2017-08-18 11:07:35,256 [32mINFO[m - [33m[,,,][m - [[32mo.s.b.w.s.ServletRegistrationBean[m]  - Mapping servlet: 'dispatcherServlet' to [/]
2017-08-18 11:07:36,487 [32mINFO[m - [33m[,,,][m - [[32mo.s.o.j.LocalContainerEntityManagerFactoryBean[m]  - Building JPA container EntityManagerFactory for persistence unit 'default'
2017-08-18 11:07:36,510 [32mINFO[m - [33m[,,,][m - [[32mo.h.j.i.u.LogHelper[m]  - HHH000204: Processing PersistenceUnitInfo [
	name: default
	...]
2017-08-18 11:07:36,622 [32mINFO[m - [33m[,,,][m - [[32mo.h.Version[m]  - HHH000412: Hibernate Core {5.0.12.Final}
2017-08-18 11:07:36,624 [32mINFO[m - [33m[,,,][m - [[32mo.h.c.Environment[m]  - HHH000206: hibernate.properties not found
2017-08-18 11:07:36,626 [32mINFO[m - [33m[,,,][m - [[32mo.h.c.Environment[m]  - HHH000021: Bytecode provider name : javassist
2017-08-18 11:07:36,685 [32mINFO[m - [33m[,,,][m - [[32mo.h.a.c.Version[m]  - HCANN000001: Hibernate Commons Annotations {5.0.1.Final}
2017-08-18 11:07:36,863 [32mINFO[m - [33m[,,,][m - [[32mo.h.d.Dialect[m]  - HHH000400: Using dialect: org.hibernate.dialect.OracleDialect
2017-08-18 11:07:36,876 [33mWARN[m - [33m[,,,][m - [[33mo.h.d.Oracle9Dialect[m]  - HHH000063: The Oracle9Dialect dialect has been deprecated; use either Oracle9iDialect or Oracle10gDialect instead
2017-08-18 11:07:36,881 [33mWARN[m - [33m[,,,][m - [[33mo.h.d.OracleDialect[m]  - HHH000064: The OracleDialect dialect has been deprecated; use Oracle8iDialect instead
2017-08-18 11:07:37,007 [32mINFO[m - [33m[,,,][m - [[32mo.h.e.j.e.i.LobCreatorBuilderImpl[m]  - HHH000424: Disabling contextual LOB creation as createClob() method threw error : java.lang.reflect.InvocationTargetException
2017-08-18 11:07:37,287 [32mINFO[m - [33m[,,,][m - [[32mo.s.o.j.LocalContainerEntityManagerFactoryBean[m]  - Initialized JPA EntityManagerFactory for persistence unit 'default'
2017-08-18 11:07:37,449 [32mINFO[m - [33m[,,,][m - [[32mo.s.c.a.AnnotationConfigApplicationContext[m]  - Refreshing org.springframework.context.annotation.AnnotationConfigApplicationContext@6ddbbfbb: startup date [Fri Aug 18 11:07:37 CST 2017]; parent: org.springframework.boot.context.embedded.AnnotationConfigEmbeddedWebApplicationContext@6f815e7f
2017-08-18 11:07:37,481 [32mINFO[m - [33m[,,,][m - [[32mo.s.b.f.a.AutowiredAnnotationBeanPostProcessor[m]  - JSR-330 'javax.inject.Inject' annotation found and supported for autowiring
2017-08-18 11:07:39,692 [32mINFO[m - [33m[,,,][m - [[32mo.s.c.a.AnnotationConfigApplicationContext[m]  - Refreshing org.springframework.context.annotation.AnnotationConfigApplicationContext@352a8183: startup date [Fri Aug 18 11:07:39 CST 2017]; parent: org.springframework.boot.context.embedded.AnnotationConfigEmbeddedWebApplicationContext@6f815e7f
2017-08-18 11:07:39,708 [32mINFO[m - [33m[,,,][m - [[32mo.s.b.f.a.AutowiredAnnotationBeanPostProcessor[m]  - JSR-330 'javax.inject.Inject' annotation found and supported for autowiring
2017-08-18 11:07:40,057 [32mINFO[m - [33m[,,,][m - [[32mo.s.i.c.DirectChannel[m]  - Channel ':8086._updateClientInfoChannel' has 1 subscriber(s).
2017-08-18 11:07:41,398 [32mINFO[m - [33m[,,,][m - [[32mo.s.w.s.m.m.a.RequestMappingHandlerAdapter[m]  - Looking for @ControllerAdvice: org.springframework.boot.context.embedded.AnnotationConfigEmbeddedWebApplicationContext@6f815e7f: startup date [Fri Aug 18 11:07:27 CST 2017]; parent: org.springframework.context.annotation.AnnotationConfigApplicationContext@73173f63
2017-08-18 11:07:41,408 [32mINFO[m - [33m[,,,][m - [[32mo.s.w.s.m.m.a.RequestMappingHandlerAdapter[m]  - Detected ResponseBodyAdvice bean in org.springframework.boot.actuate.autoconfigure.EndpointWebMvcHypermediaManagementContextConfiguration$ActuatorEndpointLinksAdvice
2017-08-18 11:07:41,709 [32mINFO[m - [33m[,,,][m - [[32mo.s.w.s.m.m.a.RequestMappingHandlerMapping[m]  - Mapped "{[/login]}" onto public java.lang.String com.dhxa.bizcloud.appservice.controller.sysadmin.LoginController.login(java.lang.String,java.lang.String)
2017-08-18 11:07:41,710 [32mINFO[m - [33m[,,,][m - [[32mo.s.w.s.m.m.a.RequestMappingHandlerMapping[m]  - Mapped "{[/logout]}" onto public java.lang.String com.dhxa.bizcloud.appservice.controller.sysadmin.LoginController.logout()
2017-08-18 11:07:41,710 [32mINFO[m - [33m[,,,][m - [[32mo.s.w.s.m.m.a.RequestMappingHandlerMapping[m]  - Mapped "{[/index]}" onto public java.lang.String com.dhxa.bizcloud.appservice.controller.sysadmin.SysAdminController.index()
2017-08-18 11:07:41,712 [32mINFO[m - [33m[,,,][m - [[32mo.s.w.s.m.m.a.RequestMappingHandlerMapping[m]  - Mapped "{[/dept/get],methods=[GET]}" onto public java.lang.Object com.dhxa.bizcloud.appservice.controller.system.DeptController.getDeptInfo(java.lang.Long)
2017-08-18 11:07:41,713 [32mINFO[m - [33m[,,,][m - [[32mo.s.w.s.m.m.a.RequestMappingHandlerMapping[m]  - Mapped "{[/dept/update],methods=[PUT]}" onto public java.lang.Object com.dhxa.bizcloud.appservice.controller.system.DeptController.updateDept(com.dhxa.bizcloud.appservice.entity.system.Dept)
2017-08-18 11:07:41,713 [32mINFO[m - [33m[,,,][m - [[32mo.s.w.s.m.m.a.RequestMappingHandlerMapping[m]  - Mapped "{[/dept/getPageable],methods=[GET]}" onto public java.lang.Object com.dhxa.bizcloud.appservice.controller.system.DeptController.getDeptsPageable(int,int,java.lang.String)
2017-08-18 11:07:41,713 [32mINFO[m - [33m[,,,][m - [[32mo.s.w.s.m.m.a.RequestMappingHandlerMapping[m]  - Mapped "{[/dept/delete],methods=[DELETE]}" onto public java.lang.Object com.dhxa.bizcloud.appservice.controller.system.DeptController.delDept(java.lang.Long)
2017-08-18 11:07:41,714 [32mINFO[m - [33m[,,,][m - [[32mo.s.w.s.m.m.a.RequestMappingHandlerMapping[m]  - Mapped "{[/dept/add],methods=[POST]}" onto public java.lang.Object com.dhxa.bizcloud.appservice.controller.system.DeptController.addDept(com.dhxa.bizcloud.appservice.entity.system.Dept)
2017-08-18 11:07:41,714 [32mINFO[m - [33m[,,,][m - [[32mo.s.w.s.m.m.a.RequestMappingHandlerMapping[m]  - Mapped "{[/api/api-error-codes],methods=[GET]}" onto public com.rayfay.bizcloud.core.commons.json.JsonDataResult com.rayfay.bizcloud.core.commons.exception.ErrorCodeDefinitionController.listErrorCode()
2017-08-18 11:07:41,715 [32mINFO[m - [33m[,,,][m - [[32mo.s.w.s.m.m.a.RequestMappingHandlerMapping[m]  - Mapped "{[/v2/showClientInfo],methods=[GET]}" onto public java.lang.Object com.rayfay.bizcloud.core.commons.clientinfo.ClientInfoController.showClientInfo()
2017-08-18 11:07:41,717 [32mINFO[m - [33m[,,,][m - [[32mo.s.w.s.m.m.a.RequestMappingHandlerMapping[m]  - Mapped "{[/error]}" onto public org.springframework.http.ResponseEntity<java.util.Map<java.lang.String, java.lang.Object>> org.springframework.boot.autoconfigure.web.BasicErrorController.error(javax.servlet.http.HttpServletRequest)
2017-08-18 11:07:41,717 [32mINFO[m - [33m[,,,][m - [[32mo.s.w.s.m.m.a.RequestMappingHandlerMapping[m]  - Mapped "{[/error],produces=[text/html]}" onto public org.springframework.web.servlet.ModelAndView org.springframework.boot.autoconfigure.web.BasicErrorController.errorHtml(javax.servlet.http.HttpServletRequest,javax.servlet.http.HttpServletResponse)
2017-08-18 11:07:41,999 [32mINFO[m - [33m[,,,][m - [[32mo.s.w.s.h.SimpleUrlHandlerMapping[m]  - Mapped URL path [/webjars/**] onto handler of type [class org.springframework.web.servlet.resource.ResourceHttpRequestHandler]
2017-08-18 11:07:41,999 [32mINFO[m - [33m[,,,][m - [[32mo.s.w.s.h.SimpleUrlHandlerMapping[m]  - Mapped URL path [/**] onto handler of type [class org.springframework.web.servlet.resource.ResourceHttpRequestHandler]
2017-08-18 11:07:42,083 [32mINFO[m - [33m[,,,][m - [[32mo.s.w.s.m.m.a.ExceptionHandlerExceptionResolver[m]  - Detected ResponseBodyAdvice implementation in org.springframework.boot.actuate.autoconfigure.EndpointWebMvcHypermediaManagementContextConfiguration$ActuatorEndpointLinksAdvice
2017-08-18 11:07:42,161 [32mINFO[m - [33m[,,,][m - [[32mo.s.w.s.h.SimpleUrlHandlerMapping[m]  - Mapped URL path [/**/favicon.ico] onto handler of type [class org.springframework.web.servlet.resource.ResourceHttpRequestHandler]
2017-08-18 11:07:42,592 [32mINFO[m - [33m[,,,][m - [[32mo.s.s.c.ThreadPoolTaskScheduler[m]  - Initializing ExecutorService  'taskScheduler'
2017-08-18 11:07:42,784 [32mINFO[m - [33m[,,,][m - [[32mc.r.b.c.c.a.DefaultJwtResourceAutoConfiguration[m]  - not UserDetailService, using null as UserDetailsService
2017-08-18 11:07:43,075 [32mINFO[m - [33m[,,,][m - [[32mc.r.b.c.c.a.FixtureAutoConfiguration[m]  - found dataSourceProperties. driverClassName: oracle.jdbc.driver.OracleDriver
2017-08-18 11:07:43,076 [32mINFO[m - [33m[,,,][m - [[32mc.r.b.c.c.a.FixtureAutoConfiguration[m]  - found determinateDbTypesByDriverClassName. dbTypes: Oracle
2017-08-18 11:07:43,076 [32mINFO[m - [33m[,,,][m - [[32mc.r.b.c.c.a.FixtureAutoConfiguration[m]  - FixtureAutoConfiguration createFixtureApplicationStarter
2017-08-18 11:07:43,620 [32mINFO[m - [33m[,,,][m - [[32mo.s.s.w.DefaultSecurityFilterChain[m]  - Creating filter chain: OrRequestMatcher [requestMatchers=[Ant [pattern='/css/**'], Ant [pattern='/js/**'], Ant [pattern='/images/**'], Ant [pattern='/webjars/**'], Ant [pattern='/**/favicon.ico'], Ant [pattern='/error']]], []
2017-08-18 11:07:43,805 [32mINFO[m - [33m[,,,][m - [[32mo.s.s.w.DefaultSecurityFilterChain[m]  - Creating filter chain: org.springframework.boot.actuate.autoconfigure.ManagementWebSecurityAutoConfiguration$LazyEndpointPathRequestMatcher@53d782b0, [org.springframework.security.web.context.request.async.WebAsyncManagerIntegrationFilter@f4deb35, org.springframework.security.web.context.SecurityContextPersistenceFilter@743a9292, org.springframework.security.web.header.HeaderWriterFilter@64b6d6dd, org.springframework.security.web.authentication.logout.LogoutFilter@6be93728, org.springframework.security.web.authentication.www.BasicAuthenticationFilter@655e3f4c, org.springframework.security.web.savedrequest.RequestCacheAwareFilter@79dcd7f1, org.springframework.security.web.servletapi.SecurityContextHolderAwareRequestFilter@4c97e3d5, org.springframework.security.web.authentication.AnonymousAuthenticationFilter@4ec0c727, org.springframework.security.web.session.SessionManagementFilter@7d2dfe9c, org.springframework.security.web.access.ExceptionTranslationFilter@2aee0173, org.springframework.security.web.access.intercept.FilterSecurityInterceptor@1afea182]
2017-08-18 11:07:43,839 [32mINFO[m - [33m[,,,][m - [[32mo.s.s.w.DefaultSecurityFilterChain[m]  - Creating filter chain: OrRequestMatcher [requestMatchers=[Ant [pattern='/**']]], [org.springframework.security.web.context.request.async.WebAsyncManagerIntegrationFilter@6cd7d05, org.springframework.security.web.context.SecurityContextPersistenceFilter@770093c5, org.springframework.security.web.header.HeaderWriterFilter@9353d68, org.springframework.security.web.authentication.logout.LogoutFilter@583f6270, org.springframework.security.web.authentication.www.BasicAuthenticationFilter@2bd24c09, org.springframework.security.web.savedrequest.RequestCacheAwareFilter@785dbe3a, org.springframework.security.web.servletapi.SecurityContextHolderAwareRequestFilter@58230224, org.springframework.security.web.authentication.AnonymousAuthenticationFilter@34817fcc, org.springframework.security.web.session.SessionManagementFilter@2a654f27, org.springframework.security.web.access.ExceptionTranslationFilter@63dd81ee, org.springframework.security.web.access.intercept.FilterSecurityInterceptor@649df002]
2017-08-18 11:07:46,278 [32mINFO[m - [33m[,,,][m - [[32mo.s.b.a.e.m.EndpointHandlerMapping[m]  - Mapped "{[/archaius || /archaius.json],methods=[GET],produces=[application/json]}" onto public java.lang.Object org.springframework.boot.actuate.endpoint.mvc.EndpointMvcAdapter.invoke()
2017-08-18 11:07:46,279 [32mINFO[m - [33m[,,,][m - [[32mo.s.b.a.e.m.EndpointHandlerMapping[m]  - Mapped "{[/configprops || /configprops.json],methods=[GET],produces=[application/json]}" onto public java.lang.Object org.springframework.boot.actuate.endpoint.mvc.EndpointMvcAdapter.invoke()
2017-08-18 11:07:46,279 [32mINFO[m - [33m[,,,][m - [[32mo.s.b.a.e.m.EndpointHandlerMapping[m]  - Mapped "{[/autoconfig || /autoconfig.json],methods=[GET],produces=[application/json]}" onto public java.lang.Object org.springframework.boot.actuate.endpoint.mvc.EndpointMvcAdapter.invoke()
2017-08-18 11:07:46,281 [32mINFO[m - [33m[,,,][m - [[32mo.s.b.a.e.m.EndpointHandlerMapping[m]  - Mapped "{[/mappings || /mappings.json],methods=[GET],produces=[application/json]}" onto public java.lang.Object org.springframework.boot.actuate.endpoint.mvc.EndpointMvcAdapter.invoke()
2017-08-18 11:07:46,282 [32mINFO[m - [33m[,,,][m - [[32mo.s.b.a.e.m.EndpointHandlerMapping[m]  - Mapped "{[/heapdump || /heapdump.json],methods=[GET],produces=[application/octet-stream]}" onto public void org.springframework.boot.actuate.endpoint.mvc.HeapdumpMvcEndpoint.invoke(boolean,javax.servlet.http.HttpServletRequest,javax.servlet.http.HttpServletResponse) throws java.io.IOException,javax.servlet.ServletException
2017-08-18 11:07:46,282 [32mINFO[m - [33m[,,,][m - [[32mo.s.b.a.e.m.EndpointHandlerMapping[m]  - Mapped "{[/refresh || /refresh.json],methods=[POST]}" onto public java.lang.Object org.springframework.cloud.endpoint.GenericPostableMvcEndpoint.invoke()
2017-08-18 11:07:46,283 [32mINFO[m - [33m[,,,][m - [[32mo.s.b.a.e.m.EndpointHandlerMapping[m]  - Mapped "{[/health || /health.json],produces=[application/json]}" onto public java.lang.Object org.springframework.boot.actuate.endpoint.mvc.HealthMvcEndpoint.invoke(java.security.Principal)
2017-08-18 11:07:46,283 [32mINFO[m - [33m[,,,][m - [[32mo.s.b.a.e.m.EndpointHandlerMapping[m]  - Mapped "{[/actuator || /actuator.json],produces=[application/json]}" onto public org.springframework.hateoas.ResourceSupport org.springframework.boot.actuate.endpoint.mvc.HalJsonMvcEndpoint.links()
2017-08-18 11:07:46,284 [32mINFO[m - [33m[,,,][m - [[32mo.s.b.a.e.m.EndpointHandlerMapping[m]  - Mapped "{[/info || /info.json],methods=[GET],produces=[application/json]}" onto public java.lang.Object org.springframework.boot.actuate.endpoint.mvc.EndpointMvcAdapter.invoke()
2017-08-18 11:07:46,285 [32mINFO[m - [33m[,,,][m - [[32mo.s.b.a.e.m.EndpointHandlerMapping[m]  - Mapped "{[/env/{name:.*}],methods=[GET],produces=[application/json]}" onto public java.lang.Object org.springframework.boot.actuate.endpoint.mvc.EnvironmentMvcEndpoint.value(java.lang.String)
2017-08-18 11:07:46,285 [32mINFO[m - [33m[,,,][m - [[32mo.s.b.a.e.m.EndpointHandlerMapping[m]  - Mapped "{[/env || /env.json],methods=[GET],produces=[application/json]}" onto public java.lang.Object org.springframework.boot.actuate.endpoint.mvc.EndpointMvcAdapter.invoke()
2017-08-18 11:07:46,286 [32mINFO[m - [33m[,,,][m - [[32mo.s.b.a.e.m.EndpointHandlerMapping[m]  - Mapped "{[/restart || /restart.json],methods=[POST]}" onto public java.lang.Object org.springframework.cloud.context.restart.RestartMvcEndpoint.invoke()
2017-08-18 11:07:46,286 [32mINFO[m - [33m[,,,][m - [[32mo.s.b.a.e.m.EndpointHandlerMapping[m]  - Mapped "{[/features || /features.json],methods=[GET],produces=[application/json]}" onto public java.lang.Object org.springframework.boot.actuate.endpoint.mvc.EndpointMvcAdapter.invoke()
2017-08-18 11:07:46,286 [32mINFO[m - [33m[,,,][m - [[32mo.s.b.a.e.m.EndpointHandlerMapping[m]  - Mapped "{[/env],methods=[POST]}" onto public java.lang.Object org.springframework.cloud.context.environment.EnvironmentManagerMvcEndpoint.value(java.util.Map<java.lang.String, java.lang.String>)
2017-08-18 11:07:46,287 [32mINFO[m - [33m[,,,][m - [[32mo.s.b.a.e.m.EndpointHandlerMapping[m]  - Mapped "{[/env/reset],methods=[POST]}" onto public java.util.Map<java.lang.String, java.lang.Object> org.springframework.cloud.context.environment.EnvironmentManagerMvcEndpoint.reset()
2017-08-18 11:07:46,289 [32mINFO[m - [33m[,,,][m - [[32mo.s.b.a.e.m.EndpointHandlerMapping[m]  - Mapped "{[/dump || /dump.json],methods=[GET],produces=[application/json]}" onto public java.lang.Object org.springframework.boot.actuate.endpoint.mvc.EndpointMvcAdapter.invoke()
2017-08-18 11:07:46,289 [32mINFO[m - [33m[,,,][m - [[32mo.s.b.a.e.m.EndpointHandlerMapping[m]  - Mapped "{[/resume || /resume.json],methods=[POST]}" onto public java.lang.Object org.springframework.cloud.endpoint.GenericPostableMvcEndpoint.invoke()
2017-08-18 11:07:46,290 [32mINFO[m - [33m[,,,][m - [[32mo.s.b.a.e.m.EndpointHandlerMapping[m]  - Mapped "{[/trace || /trace.json],methods=[GET],produces=[application/json]}" onto public java.lang.Object org.springframework.boot.actuate.endpoint.mvc.EndpointMvcAdapter.invoke()
2017-08-18 11:07:46,290 [32mINFO[m - [33m[,,,][m - [[32mo.s.b.a.e.m.EndpointHandlerMapping[m]  - Mapped "{[/channels || /channels.json],methods=[GET],produces=[application/json]}" onto public java.lang.Object org.springframework.boot.actuate.endpoint.mvc.EndpointMvcAdapter.invoke()
2017-08-18 11:07:46,291 [32mINFO[m - [33m[,,,][m - [[32mo.s.b.a.e.m.EndpointHandlerMapping[m]  - Mapped "{[/pause || /pause.json],methods=[POST]}" onto public java.lang.Object org.springframework.cloud.endpoint.GenericPostableMvcEndpoint.invoke()
2017-08-18 11:07:46,292 [32mINFO[m - [33m[,,,][m - [[32mo.s.b.a.e.m.EndpointHandlerMapping[m]  - Mapped "{[/beans || /beans.json],methods=[GET],produces=[application/json]}" onto public java.lang.Object org.springframework.boot.actuate.endpoint.mvc.EndpointMvcAdapter.invoke()
2017-08-18 11:07:46,292 [32mINFO[m - [33m[,,,][m - [[32mo.s.b.a.e.m.EndpointHandlerMapping[m]  - Mapped "{[/metrics/{name:.*}],methods=[GET],produces=[application/json]}" onto public java.lang.Object org.springframework.boot.actuate.endpoint.mvc.MetricsMvcEndpoint.value(java.lang.String)
2017-08-18 11:07:46,293 [32mINFO[m - [33m[,,,][m - [[32mo.s.b.a.e.m.EndpointHandlerMapping[m]  - Mapped "{[/metrics || /metrics.json],methods=[GET],produces=[application/json]}" onto public java.lang.Object org.springframework.boot.actuate.endpoint.mvc.EndpointMvcAdapter.invoke()
2017-08-18 11:07:48,998 [33mWARN[m - [33m[,,,][m - [[33mc.n.c.s.URLConfigurationSource[m]  - No URLs will be polled as dynamic configuration sources.
2017-08-18 11:07:48,999 [32mINFO[m - [33m[,,,][m - [[32mc.n.c.s.URLConfigurationSource[m]  - To enable URLs as dynamic configuration sources, define System property archaius.configurationSource.additionalUrls or make config.properties available on classpath.
2017-08-18 11:07:49,008 [33mWARN[m - [33m[,,,][m - [[33mc.n.c.s.URLConfigurationSource[m]  - No URLs will be polled as dynamic configuration sources.
2017-08-18 11:07:49,008 [32mINFO[m - [33m[,,,][m - [[32mc.n.c.s.URLConfigurationSource[m]  - To enable URLs as dynamic configuration sources, define System property archaius.configurationSource.additionalUrls or make config.properties available on classpath.
2017-08-18 11:07:49,422 [32mINFO[m - [33m[,,,][m - [[32mo.s.s.c.ThreadPoolTaskScheduler[m]  - Initializing ExecutorService 
2017-08-18 11:07:49,617 [32mINFO[m - [33m[,,,][m - [[32mo.s.i.c.k.CompositeKryoRegistrar[m]  - configured Kryo registration [40, java.io.File] with serializer org.springframework.integration.codec.kryo.FileSerializer
2017-08-18 11:07:49,965 [32mINFO[m - [33m[,,,][m - [[32mo.s.j.e.a.AnnotationMBeanExporter[m]  - Registering beans for JMX exposure on startup
2017-08-18 11:07:49,974 [32mINFO[m - [33m[,,,][m - [[32mo.s.j.e.a.AnnotationMBeanExporter[m]  - Bean with name 'refreshScope' has been autodetected for JMX exposure
2017-08-18 11:07:49,975 [32mINFO[m - [33m[,,,][m - [[32mo.s.j.e.a.AnnotationMBeanExporter[m]  - Bean with name 'environmentManager' has been autodetected for JMX exposure
2017-08-18 11:07:49,976 [32mINFO[m - [33m[,,,][m - [[32mo.s.j.e.a.AnnotationMBeanExporter[m]  - Bean with name 'rabbitConnectionFactory' has been autodetected for JMX exposure
2017-08-18 11:07:49,977 [32mINFO[m - [33m[,,,][m - [[32mo.s.j.e.a.AnnotationMBeanExporter[m]  - Bean with name 'integrationMbeanExporter' has been autodetected for JMX exposure
2017-08-18 11:07:49,978 [32mINFO[m - [33m[,,,][m - [[32mo.s.j.e.a.AnnotationMBeanExporter[m]  - Bean with name 'configurationPropertiesRebinder' has been autodetected for JMX exposure
2017-08-18 11:07:49,979 [32mINFO[m - [33m[,,,][m - [[32mo.s.j.e.a.AnnotationMBeanExporter[m]  - Bean with name 'refreshEndpoint' has been autodetected for JMX exposure
2017-08-18 11:07:49,979 [32mINFO[m - [33m[,,,][m - [[32mo.s.j.e.a.AnnotationMBeanExporter[m]  - Bean with name 'restartEndpoint' has been autodetected for JMX exposure
2017-08-18 11:07:49,985 [32mINFO[m - [33m[,,,][m - [[32mo.s.j.e.a.AnnotationMBeanExporter[m]  - Located managed bean 'environmentManager': registering with JMX server as MBean [org.springframework.cloud.context.environment:name=environmentManager,type=EnvironmentManager]
2017-08-18 11:07:50,007 [32mINFO[m - [33m[,,,][m - [[32mo.s.j.e.a.AnnotationMBeanExporter[m]  - Located managed bean 'restartEndpoint': registering with JMX server as MBean [org.springframework.cloud.context.restart:name=restartEndpoint,type=RestartEndpoint]
2017-08-18 11:07:50,019 [32mINFO[m - [33m[,,,][m - [[32mo.s.j.e.a.AnnotationMBeanExporter[m]  - Located managed bean 'refreshScope': registering with JMX server as MBean [org.springframework.cloud.context.scope.refresh:name=refreshScope,type=RefreshScope]
2017-08-18 11:07:50,046 [32mINFO[m - [33m[,,,][m - [[32mo.s.j.e.a.AnnotationMBeanExporter[m]  - Located managed bean 'integrationMbeanExporter': registering with JMX server as MBean [org.springframework.integration.monitor:name=integrationMbeanExporter,type=IntegrationMBeanExporter]
2017-08-18 11:07:50,121 [32mINFO[m - [33m[,,,][m - [[32mo.s.j.e.a.AnnotationMBeanExporter[m]  - Located managed bean 'configurationPropertiesRebinder': registering with JMX server as MBean [org.springframework.cloud.context.properties:name=configurationPropertiesRebinder,context=6f815e7f,type=ConfigurationPropertiesRebinder]
2017-08-18 11:07:50,126 [32mINFO[m - [33m[,,,][m - [[32mo.s.j.e.a.AnnotationMBeanExporter[m]  - Located managed bean 'rabbitConnectionFactory': registering with JMX server as MBean [org.springframework.amqp.rabbit.connection:name=rabbitConnectionFactory,type=CachingConnectionFactory]
2017-08-18 11:07:50,147 [32mINFO[m - [33m[,,,][m - [[32mo.s.j.e.a.AnnotationMBeanExporter[m]  - Located managed bean 'refreshEndpoint': registering with JMX server as MBean [org.springframework.cloud.endpoint:name=refreshEndpoint,type=RefreshEndpoint]
2017-08-18 11:07:50,159 [32mINFO[m - [33m[,,,][m - [[32mo.s.i.m.IntegrationMBeanExporter[m]  - Registering beans for JMX exposure on startup
2017-08-18 11:07:50,159 [32mINFO[m - [33m[,,,][m - [[32mo.s.i.m.IntegrationMBeanExporter[m]  - Registering MessageChannel _updateClientInfoChannel
2017-08-18 11:07:50,167 [32mINFO[m - [33m[,,,][m - [[32mo.s.i.m.IntegrationMBeanExporter[m]  - Located managed bean 'org.springframework.integration:type=MessageChannel,name=_updateClientInfoChannel': registering with JMX server as MBean [org.springframework.integration:type=MessageChannel,name=_updateClientInfoChannel]
2017-08-18 11:07:50,226 [32mINFO[m - [33m[,,,][m - [[32mo.s.i.m.IntegrationMBeanExporter[m]  - Registering MessageChannel sleuth
2017-08-18 11:07:50,235 [32mINFO[m - [33m[,,,][m - [[32mo.s.i.m.IntegrationMBeanExporter[m]  - Located managed bean 'org.springframework.integration:type=MessageChannel,name=sleuth': registering with JMX server as MBean [org.springframework.integration:type=MessageChannel,name=sleuth]
2017-08-18 11:07:50,268 [32mINFO[m - [33m[,,,][m - [[32mo.s.i.m.IntegrationMBeanExporter[m]  - Registering MessageChannel nullChannel
2017-08-18 11:07:50,272 [32mINFO[m - [33m[,,,][m - [[32mo.s.i.m.IntegrationMBeanExporter[m]  - Located managed bean 'org.springframework.integration:type=MessageChannel,name=nullChannel': registering with JMX server as MBean [org.springframework.integration:type=MessageChannel,name=nullChannel]
2017-08-18 11:07:50,291 [32mINFO[m - [33m[,,,][m - [[32mo.s.i.m.IntegrationMBeanExporter[m]  - Registering MessageChannel _updateClientInfoApiGatewayChannel
2017-08-18 11:07:50,295 [32mINFO[m - [33m[,,,][m - [[32mo.s.i.m.IntegrationMBeanExporter[m]  - Located managed bean 'org.springframework.integration:type=MessageChannel,name=_updateClientInfoApiGatewayChannel': registering with JMX server as MBean [org.springframework.integration:type=MessageChannel,name=_updateClientInfoApiGatewayChannel]
2017-08-18 11:07:50,322 [32mINFO[m - [33m[,,,][m - [[32mo.s.i.m.IntegrationMBeanExporter[m]  - Registering MessageChannel errorChannel
2017-08-18 11:07:50,325 [32mINFO[m - [33m[,,,][m - [[32mo.s.i.m.IntegrationMBeanExporter[m]  - Located managed bean 'org.springframework.integration:type=MessageChannel,name=errorChannel': registering with JMX server as MBean [org.springframework.integration:type=MessageChannel,name=errorChannel]
2017-08-18 11:07:50,393 [32mINFO[m - [33m[,,,][m - [[32mo.s.i.m.IntegrationMBeanExporter[m]  - Registering MessageHandler errorLogger
2017-08-18 11:07:50,403 [32mINFO[m - [33m[,,,][m - [[32mo.s.i.m.IntegrationMBeanExporter[m]  - Located managed bean 'org.springframework.integration:type=MessageHandler,name=errorLogger,bean=internal': registering with JMX server as MBean [org.springframework.integration:type=MessageHandler,name=errorLogger,bean=internal]
2017-08-18 11:07:50,435 [32mINFO[m - [33m[,,,][m - [[32mo.s.i.m.IntegrationMBeanExporter[m]  - Registering MessageSource sleuthStreamSpanReporter.poll.inboundChannelAdapter
2017-08-18 11:07:50,439 [32mINFO[m - [33m[,,,][m - [[32mo.s.i.m.IntegrationMBeanExporter[m]  - Located managed bean 'org.springframework.integration:type=MessageSource,name=sleuthStreamSpanReporter.poll.inboundChannelAdapter,bean=endpoint': registering with JMX server as MBean [org.springframework.integration:type=MessageSource,name=sleuthStreamSpanReporter.poll.inboundChannelAdapter,bean=endpoint]
2017-08-18 11:07:50,463 [32mINFO[m - [33m[,,,][m - [[32mo.s.b.a.e.j.EndpointMBeanExporter[m]  - Registering beans for JMX exposure on startup
2017-08-18 11:07:51,097 [32mINFO[m - [33m[,,,][m - [[32mo.s.c.s.DefaultLifecycleProcessor[m]  - Starting beans in phase -2147482648
2017-08-18 11:07:51,129 [32mINFO[m - [33m[,,,][m - [[32mo.s.c.l.PropertiesFileResolver[m]  - no spring-cloud-bootstrap.properties found on the classpath to direct us to an external properties file
2017-08-18 11:07:51,129 [32mINFO[m - [33m[,,,][m - [[32mo.s.c.l.PropertiesFileResolver[m]  - did not find any Spring Cloud configuration file
2017-08-18 11:07:51,129 [32mINFO[m - [33m[,,,][m - [[32mo.s.c.l.LocalConfigConnector[m]  - not loading service definitions from a properties file
2017-08-18 11:07:51,129 [32mINFO[m - [33m[,,,][m - [[32mo.s.c.l.LocalConfigConnector[m]  - the property spring.cloud.appId was not found in the system properties or configuration file
2017-08-18 11:07:51,133 [32mINFO[m - [33m[,,,][m - [[32mo.s.c.l.PropertiesFileResolver[m]  - no spring-cloud-bootstrap.properties found on the classpath to direct us to an external properties file
2017-08-18 11:07:51,133 [32mINFO[m - [33m[,,,][m - [[32mo.s.c.l.PropertiesFileResolver[m]  - did not find any Spring Cloud configuration file
2017-08-18 11:07:51,133 [32mINFO[m - [33m[,,,][m - [[32mo.s.c.l.LocalConfigConnector[m]  - not loading service definitions from a properties file
2017-08-18 11:07:51,134 [32mINFO[m - [33m[,,,][m - [[32mo.s.c.l.LocalConfigConnector[m]  - the property spring.cloud.appId was not found in the system properties or configuration file
2017-08-18 11:07:51,137 [32mINFO[m - [33m[,,,][m - [[32mo.s.c.l.PropertiesFileResolver[m]  - no spring-cloud-bootstrap.properties found on the classpath to direct us to an external properties file
2017-08-18 11:07:51,137 [32mINFO[m - [33m[,,,][m - [[32mo.s.c.l.PropertiesFileResolver[m]  - did not find any Spring Cloud configuration file
2017-08-18 11:07:51,137 [32mINFO[m - [33m[,,,][m - [[32mo.s.c.l.LocalConfigConnector[m]  - not loading service definitions from a properties file
2017-08-18 11:07:51,138 [32mINFO[m - [33m[,,,][m - [[32mo.s.c.l.LocalConfigConnector[m]  - the property spring.cloud.appId was not found in the system properties or configuration file
2017-08-18 11:07:51,531 [32mINFO[m - [33m[,,,][m - [[32mc.d.b.a.AppServiceApp[m]  - No active profile set, falling back to default profiles: default
2017-08-18 11:07:51,534 [32mINFO[m - [33m[,,,][m - [[32mo.s.c.a.AnnotationConfigApplicationContext[m]  - Refreshing org.springframework.context.annotation.AnnotationConfigApplicationContext@147c3a88: startup date [Fri Aug 18 11:07:51 CST 2017]; parent: org.springframework.boot.context.embedded.AnnotationConfigEmbeddedWebApplicationContext@6f815e7f
2017-08-18 11:07:51,572 [32mINFO[m - [33m[,,,][m - [[32mo.s.b.f.a.AutowiredAnnotationBeanPostProcessor[m]  - JSR-330 'javax.inject.Inject' annotation found and supported for autowiring
2017-08-18 11:07:51,660 [32mINFO[m - [33m[,,,][m - [[32mo.s.c.s.GenericApplicationContext[m]  - Refreshing org.springframework.context.support.GenericApplicationContext@59de6f39: startup date [Fri Aug 18 11:07:51 CST 2017]; root of context hierarchy
2017-08-18 11:07:51,688 [32mINFO[m - [33m[,,,][m - [[32mc.d.b.a.AppServiceApp[m]  - Started AppServiceApp in 0.571 seconds (JVM running for 26.783)
2017-08-18 11:07:52,737 [33mWARN[m - [33m[,,,][m - [[33mo.s.a.r.c.RabbitAdmin[m]  - Failed to declare exchange: Exchange [name=sleuth, type=topic, durable=true, autoDelete=false, internal=false, arguments={}], continuing... org.springframework.amqp.AmqpConnectException: java.net.ConnectException: Connection refused: connect
2017-08-18 11:07:52,756 [32mINFO[m - [33m[,,,][m - [[32mo.s.i.c.DirectChannel[m]  - Channel ':8086.sleuth' has 1 subscriber(s).
2017-08-18 11:07:52,757 [32mINFO[m - [33m[,,,][m - [[32mo.s.c.s.DefaultLifecycleProcessor[m]  - Starting beans in phase 0
2017-08-18 11:07:52,767 [32mINFO[m - [33m[,,,][m - [[32mo.s.c.n.e.InstanceInfoFactory[m]  - Setting initial instance status as: STARTING
2017-08-18 11:07:52,942 [32mINFO[m - [33m[,,,][m - [[32mc.n.d.p.DiscoveryJerseyProvider[m]  - Using JSON encoding codec LegacyJacksonJson
2017-08-18 11:07:52,942 [32mINFO[m - [33m[,,,][m - [[32mc.n.d.p.DiscoveryJerseyProvider[m]  - Using JSON decoding codec LegacyJacksonJson
2017-08-18 11:07:53,047 [32mINFO[m - [33m[,,,][m - [[32mc.n.d.p.DiscoveryJerseyProvider[m]  - Using XML encoding codec XStreamXml
2017-08-18 11:07:53,048 [32mINFO[m - [33m[,,,][m - [[32mc.n.d.p.DiscoveryJerseyProvider[m]  - Using XML decoding codec XStreamXml
2017-08-18 11:07:53,323 [32mINFO[m - [33m[,,,][m - [[32mc.n.d.s.r.a.ConfigClusterResolver[m]  - Resolving eureka endpoints via configuration
2017-08-18 11:07:53,446 [32mINFO[m - [33m[,,,][m - [[32mc.n.d.DiscoveryClient[m]  - Disable delta property : false
2017-08-18 11:07:53,446 [32mINFO[m - [33m[,,,][m - [[32mc.n.d.DiscoveryClient[m]  - Single vip registry refresh property : null
2017-08-18 11:07:53,446 [32mINFO[m - [33m[,,,][m - [[32mc.n.d.DiscoveryClient[m]  - Force full registry fetch : false
2017-08-18 11:07:53,446 [32mINFO[m - [33m[,,,][m - [[32mc.n.d.DiscoveryClient[m]  - Application is null : false
2017-08-18 11:07:53,447 [32mINFO[m - [33m[,,,][m - [[32mc.n.d.DiscoveryClient[m]  - Registered Applications size is zero : true
2017-08-18 11:07:53,447 [32mINFO[m - [33m[,,,][m - [[32mc.n.d.DiscoveryClient[m]  - Application version is -1: true
2017-08-18 11:07:53,447 [32mINFO[m - [33m[,,,][m - [[32mc.n.d.DiscoveryClient[m]  - Getting all instance registry info from the eureka server
2017-08-18 11:07:55,545 [1;31mERROR[m - [1;31m[,,,][m - [[1;31mc.n.d.s.t.d.RedirectingEurekaHttpClient[m]  - Request execution error
com.sun.jersey.api.client.ClientHandlerException: java.net.ConnectException: Connection refused: connect
	at com.sun.jersey.client.apache4.ApacheHttpClient4Handler.handle(ApacheHttpClient4Handler.java:187) ~[jersey-apache-client4-1.19.1.jar:1.19.1]
	at com.sun.jersey.api.client.filter.GZIPContentEncodingFilter.handle(GZIPContentEncodingFilter.java:123) ~[jersey-client-1.19.1.jar:1.19.1]
	at com.netflix.discovery.EurekaIdentityHeaderFilter.handle(EurekaIdentityHeaderFilter.java:27) ~[eureka-client-1.4.12.jar:1.4.12]
	at com.sun.jersey.api.client.Client.handle(Client.java:652) ~[jersey-client-1.19.1.jar:1.19.1]
	at com.sun.jersey.api.client.WebResource.handle(WebResource.java:682) ~[jersey-client-1.19.1.jar:1.19.1]
	at com.sun.jersey.api.client.WebResource.access$200(WebResource.java:74) ~[jersey-client-1.19.1.jar:1.19.1]
	at com.sun.jersey.api.client.WebResource$Builder.get(WebResource.java:509) ~[jersey-client-1.19.1.jar:1.19.1]
	at com.netflix.discovery.shared.transport.jersey.AbstractJerseyEurekaHttpClient.getApplicationsInternal(AbstractJerseyEurekaHttpClient.java:194) ~[eureka-client-1.4.12.jar:1.4.12]
	at com.netflix.discovery.shared.transport.jersey.AbstractJerseyEurekaHttpClient.getApplications(AbstractJerseyEurekaHttpClient.java:165) ~[eureka-client-1.4.12.jar:1.4.12]
	at com.netflix.discovery.shared.transport.decorator.EurekaHttpClientDecorator$6.execute(EurekaHttpClientDecorator.java:137) ~[eureka-client-1.4.12.jar:1.4.12]
	at com.netflix.discovery.shared.transport.decorator.MetricsCollectingEurekaHttpClient.execute(MetricsCollectingEurekaHttpClient.java:73) ~[eureka-client-1.4.12.jar:1.4.12]
	at com.netflix.discovery.shared.transport.decorator.EurekaHttpClientDecorator.getApplications(EurekaHttpClientDecorator.java:134) ~[eureka-client-1.4.12.jar:1.4.12]
	at com.netflix.discovery.shared.transport.decorator.EurekaHttpClientDecorator$6.execute(EurekaHttpClientDecorator.java:137) ~[eureka-client-1.4.12.jar:1.4.12]
	at com.netflix.discovery.shared.transport.decorator.RedirectingEurekaHttpClient.executeOnNewServer(RedirectingEurekaHttpClient.java:118) ~[eureka-client-1.4.12.jar:1.4.12]
	at com.netflix.discovery.shared.transport.decorator.RedirectingEurekaHttpClient.execute(RedirectingEurekaHttpClient.java:79) [eureka-client-1.4.12.jar:1.4.12]
	at com.netflix.discovery.shared.transport.decorator.EurekaHttpClientDecorator.getApplications(EurekaHttpClientDecorator.java:134) [eureka-client-1.4.12.jar:1.4.12]
	at com.netflix.discovery.shared.transport.decorator.EurekaHttpClientDecorator$6.execute(EurekaHttpClientDecorator.java:137) [eureka-client-1.4.12.jar:1.4.12]
	at com.netflix.discovery.shared.transport.decorator.RetryableEurekaHttpClient.execute(RetryableEurekaHttpClient.java:119) [eureka-client-1.4.12.jar:1.4.12]
	at com.netflix.discovery.shared.transport.decorator.EurekaHttpClientDecorator.getApplications(EurekaHttpClientDecorator.java:134) [eureka-client-1.4.12.jar:1.4.12]
	at com.netflix.discovery.shared.transport.decorator.EurekaHttpClientDecorator$6.execute(EurekaHttpClientDecorator.java:137) [eureka-client-1.4.12.jar:1.4.12]
	at com.netflix.discovery.shared.transport.decorator.SessionedEurekaHttpClient.execute(SessionedEurekaHttpClient.java:77) [eureka-client-1.4.12.jar:1.4.12]
	at com.netflix.discovery.shared.transport.decorator.EurekaHttpClientDecorator.getApplications(EurekaHttpClientDecorator.java:134) [eureka-client-1.4.12.jar:1.4.12]
	at com.netflix.discovery.DiscoveryClient.getAndStoreFullRegistry(DiscoveryClient.java:1030) [eureka-client-1.4.12.jar:1.4.12]
	at com.netflix.discovery.DiscoveryClient.fetchRegistry(DiscoveryClient.java:944) [eureka-client-1.4.12.jar:1.4.12]
	at com.netflix.discovery.DiscoveryClient.<init>(DiscoveryClient.java:444) [eureka-client-1.4.12.jar:1.4.12]
	at com.netflix.discovery.DiscoveryClient.<init>(DiscoveryClient.java:304) [eureka-client-1.4.12.jar:1.4.12]
	at org.springframework.cloud.netflix.eureka.CloudEurekaClient.<init>(CloudEurekaClient.java:51) [spring-cloud-netflix-eureka-client-1.2.6.RELEASE.jar:1.2.6.RELEASE]
	at org.springframework.cloud.netflix.eureka.EurekaClientAutoConfiguration$RefreshableEurekaClientConfiguration.eurekaClient(EurekaClientAutoConfiguration.java:192) [spring-cloud-netflix-eureka-client-1.2.6.RELEASE.jar:1.2.6.RELEASE]
	at org.springframework.cloud.netflix.eureka.EurekaClientAutoConfiguration$RefreshableEurekaClientConfiguration$$EnhancerBySpringCGLIB$$3dae9b45.CGLIB$eurekaClient$1(<generated>) [spring-cloud-netflix-eureka-client-1.2.6.RELEASE.jar:1.2.6.RELEASE]
	at org.springframework.cloud.netflix.eureka.EurekaClientAutoConfiguration$RefreshableEurekaClientConfiguration$$EnhancerBySpringCGLIB$$3dae9b45$$FastClassBySpringCGLIB$$919929c1.invoke(<generated>) [spring-cloud-netflix-eureka-client-1.2.6.RELEASE.jar:1.2.6.RELEASE]
	at org.springframework.cglib.proxy.MethodProxy.invokeSuper(MethodProxy.java:228) [spring-core-4.3.7.RELEASE.jar:4.3.7.RELEASE]
	at org.springframework.context.annotation.ConfigurationClassEnhancer$BeanMethodInterceptor.intercept(ConfigurationClassEnhancer.java:358) [spring-context-4.3.7.RELEASE.jar:4.3.7.RELEASE]
	at org.springframework.cloud.netflix.eureka.EurekaClientAutoConfiguration$RefreshableEurekaClientConfiguration$$EnhancerBySpringCGLIB$$3dae9b45.eurekaClient(<generated>) [spring-cloud-netflix-eureka-client-1.2.6.RELEASE.jar:1.2.6.RELEASE]
	at sun.reflect.NativeMethodAccessorImpl.invoke0(Native Method) ~[?:1.8.0_144]
	at sun.reflect.NativeMethodAccessorImpl.invoke(NativeMethodAccessorImpl.java:62) ~[?:1.8.0_144]
	at sun.reflect.DelegatingMethodAccessorImpl.invoke(DelegatingMethodAccessorImpl.java:43) ~[?:1.8.0_144]
	at java.lang.reflect.Method.invoke(Method.java:498) ~[?:1.8.0_144]
	at org.springframework.beans.factory.support.SimpleInstantiationStrategy.instantiate(SimpleInstantiationStrategy.java:162) [spring-beans-4.3.7.RELEASE.jar:4.3.7.RELEASE]
	at org.springframework.beans.factory.support.ConstructorResolver.instantiateUsingFactoryMethod(ConstructorResolver.java:588) [spring-beans-4.3.7.RELEASE.jar:4.3.7.RELEASE]
	at org.springframework.beans.factory.support.AbstractAutowireCapableBeanFactory.instantiateUsingFactoryMethod(AbstractAutowireCapableBeanFactory.java:1173) [spring-beans-4.3.7.RELEASE.jar:4.3.7.RELEASE]
	at org.springframework.beans.factory.support.AbstractAutowireCapableBeanFactory.createBeanInstance(AbstractAutowireCapableBeanFactory.java:1067) [spring-beans-4.3.7.RELEASE.jar:4.3.7.RELEASE]
	at org.springframework.beans.factory.support.AbstractAutowireCapableBeanFactory.doCreateBean(AbstractAutowireCapableBeanFactory.java:513) [spring-beans-4.3.7.RELEASE.jar:4.3.7.RELEASE]
	at org.springframework.beans.factory.support.AbstractAutowireCapableBeanFactory.createBean(AbstractAutowireCapableBeanFactory.java:483) [spring-beans-4.3.7.RELEASE.jar:4.3.7.RELEASE]
	at org.springframework.beans.factory.support.AbstractBeanFactory$2.getObject(AbstractBeanFactory.java:345) [spring-beans-4.3.7.RELEASE.jar:4.3.7.RELEASE]
	at org.springframework.cloud.context.scope.GenericScope$BeanLifecycleWrapper.getBean(GenericScope.java:359) [spring-cloud-context-1.1.8.RELEASE.jar:1.1.8.RELEASE]
	at org.springframework.cloud.context.scope.GenericScope.get(GenericScope.java:176) [spring-cloud-context-1.1.8.RELEASE.jar:1.1.8.RELEASE]
	at org.springframework.beans.factory.support.AbstractBeanFactory.doGetBean(AbstractBeanFactory.java:340) [spring-beans-4.3.7.RELEASE.jar:4.3.7.RELEASE]
	at org.springframework.beans.factory.support.AbstractBeanFactory.getBean(AbstractBeanFactory.java:197) [spring-beans-4.3.7.RELEASE.jar:4.3.7.RELEASE]
	at org.springframework.aop.target.SimpleBeanTargetSource.getTarget(SimpleBeanTargetSource.java:35) [spring-aop-4.3.7.RELEASE.jar:4.3.7.RELEASE]
	at org.springframework.aop.framework.JdkDynamicAopProxy.invoke(JdkDynamicAopProxy.java:192) [spring-aop-4.3.7.RELEASE.jar:4.3.7.RELEASE]
	at com.sun.proxy.$Proxy157.getApplications(Unknown Source) [?:?]
	at org.springframework.cloud.netflix.eureka.EurekaDiscoveryClientConfiguration.maybeInitializeClient(EurekaDiscoveryClientConfiguration.java:120) [spring-cloud-netflix-eureka-client-1.2.6.RELEASE.jar:1.2.6.RELEASE]
	at org.springframework.cloud.netflix.eureka.EurekaDiscoveryClientConfiguration.start(EurekaDiscoveryClientConfiguration.java:97) [spring-cloud-netflix-eureka-client-1.2.6.RELEASE.jar:1.2.6.RELEASE]
	at org.springframework.context.support.DefaultLifecycleProcessor.doStart(DefaultLifecycleProcessor.java:175) [spring-context-4.3.7.RELEASE.jar:4.3.7.RELEASE]
	at org.springframework.context.support.DefaultLifecycleProcessor.access$200(DefaultLifecycleProcessor.java:50) [spring-context-4.3.7.RELEASE.jar:4.3.7.RELEASE]
	at org.springframework.context.support.DefaultLifecycleProcessor$LifecycleGroup.start(DefaultLifecycleProcessor.java:348) [spring-context-4.3.7.RELEASE.jar:4.3.7.RELEASE]
	at org.springframework.context.support.DefaultLifecycleProcessor.startBeans(DefaultLifecycleProcessor.java:151) [spring-context-4.3.7.RELEASE.jar:4.3.7.RELEASE]
	at org.springframework.context.support.DefaultLifecycleProcessor.onRefresh(DefaultLifecycleProcessor.java:114) [spring-context-4.3.7.RELEASE.jar:4.3.7.RELEASE]
	at org.springframework.context.support.AbstractApplicationContext.finishRefresh(AbstractApplicationContext.java:879) [spring-context-4.3.7.RELEASE.jar:4.3.7.RELEASE]
	at org.springframework.boot.context.embedded.EmbeddedWebApplicationContext.finishRefresh(EmbeddedWebApplicationContext.java:144) [spring-boot-1.4.5.RELEASE.jar:1.4.5.RELEASE]
	at org.springframework.context.support.AbstractApplicationContext.refresh(AbstractApplicationContext.java:545) [spring-context-4.3.7.RELEASE.jar:4.3.7.RELEASE]
	at org.springframework.boot.context.embedded.EmbeddedWebApplicationContext.refresh(EmbeddedWebApplicationContext.java:122) [spring-boot-1.4.5.RELEASE.jar:1.4.5.RELEASE]
	at org.springframework.boot.SpringApplication.refresh(SpringApplication.java:762) [spring-boot-1.4.5.RELEASE.jar:1.4.5.RELEASE]
	at org.springframework.boot.SpringApplication.refreshContext(SpringApplication.java:372) [spring-boot-1.4.5.RELEASE.jar:1.4.5.RELEASE]
	at org.springframework.boot.SpringApplication.run(SpringApplication.java:316) [spring-boot-1.4.5.RELEASE.jar:1.4.5.RELEASE]
	at org.springframework.boot.SpringApplication.run(SpringApplication.java:1187) [spring-boot-1.4.5.RELEASE.jar:1.4.5.RELEASE]
	at org.springframework.boot.SpringApplication.run(SpringApplication.java:1176) [spring-boot-1.4.5.RELEASE.jar:1.4.5.RELEASE]
	at com.dhxa.bizcloud.appservice.AppServiceApp.main(AppServiceApp.java:15) [classes/:?]
Caused by: java.net.ConnectException: Connection refused: connect
	at java.net.DualStackPlainSocketImpl.waitForConnect(Native Method) ~[?:1.8.0_144]
	at java.net.DualStackPlainSocketImpl.socketConnect(DualStackPlainSocketImpl.java:85) ~[?:1.8.0_144]
	at java.net.AbstractPlainSocketImpl.doConnect(AbstractPlainSocketImpl.java:350) ~[?:1.8.0_144]
	at java.net.AbstractPlainSocketImpl.connectToAddress(AbstractPlainSocketImpl.java:206) ~[?:1.8.0_144]
	at java.net.AbstractPlainSocketImpl.connect(AbstractPlainSocketImpl.java:188) ~[?:1.8.0_144]
	at java.net.PlainSocketImpl.connect(PlainSocketImpl.java:172) ~[?:1.8.0_144]
	at java.net.SocksSocketImpl.connect(SocksSocketImpl.java:392) ~[?:1.8.0_144]
	at java.net.Socket.connect(Socket.java:589) ~[?:1.8.0_144]
	at org.apache.http.conn.scheme.PlainSocketFactory.connectSocket(PlainSocketFactory.java:121) ~[httpclient-4.5.3.jar:4.5.3]
	at org.apache.http.impl.conn.DefaultClientConnectionOperator.openConnection(DefaultClientConnectionOperator.java:180) ~[httpclient-4.5.3.jar:4.5.3]
	at org.apache.http.impl.conn.AbstractPoolEntry.open(AbstractPoolEntry.java:144) ~[httpclient-4.5.3.jar:4.5.3]
	at org.apache.http.impl.conn.AbstractPooledConnAdapter.open(AbstractPooledConnAdapter.java:134) ~[httpclient-4.5.3.jar:4.5.3]
	at org.apache.http.impl.client.DefaultRequestDirector.tryConnect(DefaultRequestDirector.java:610) ~[httpclient-4.5.3.jar:4.5.3]
	at org.apache.http.impl.client.DefaultRequestDirector.execute(DefaultRequestDirector.java:445) ~[httpclient-4.5.3.jar:4.5.3]
	at org.apache.http.impl.client.AbstractHttpClient.doExecute(AbstractHttpClient.java:835) ~[httpclient-4.5.3.jar:4.5.3]
	at org.apache.http.impl.client.CloseableHttpClient.execute(CloseableHttpClient.java:118) ~[httpclient-4.5.3.jar:4.5.3]
	at org.apache.http.impl.client.CloseableHttpClient.execute(CloseableHttpClient.java:56) ~[httpclient-4.5.3.jar:4.5.3]
	at com.sun.jersey.client.apache4.ApacheHttpClient4Handler.handle(ApacheHttpClient4Handler.java:173) ~[jersey-apache-client4-1.19.1.jar:1.19.1]
	... 67 more
2017-08-18 11:07:55,562 [33mWARN[m - [33m[,,,][m - [[33mc.n.d.s.t.d.RetryableEurekaHttpClient[m]  - Request execution failure
2017-08-18 11:07:55,563 [1;31mERROR[m - [1;31m[,,,][m - [[1;31mc.n.d.DiscoveryClient[m]  - DiscoveryClient_UNKNOWN/Jesus::8086 - was unable to refresh its cache! status = Cannot execute request on any known server
com.netflix.discovery.shared.transport.TransportException: Cannot execute request on any known server
	at com.netflix.discovery.shared.transport.decorator.RetryableEurekaHttpClient.execute(RetryableEurekaHttpClient.java:111) ~[eureka-client-1.4.12.jar:1.4.12]
	at com.netflix.discovery.shared.transport.decorator.EurekaHttpClientDecorator.getApplications(EurekaHttpClientDecorator.java:134) ~[eureka-client-1.4.12.jar:1.4.12]
	at com.netflix.discovery.shared.transport.decorator.EurekaHttpClientDecorator$6.execute(EurekaHttpClientDecorator.java:137) ~[eureka-client-1.4.12.jar:1.4.12]
	at com.netflix.discovery.shared.transport.decorator.SessionedEurekaHttpClient.execute(SessionedEurekaHttpClient.java:77) ~[eureka-client-1.4.12.jar:1.4.12]
	at com.netflix.discovery.shared.transport.decorator.EurekaHttpClientDecorator.getApplications(EurekaHttpClientDecorator.java:134) ~[eureka-client-1.4.12.jar:1.4.12]
	at com.netflix.discovery.DiscoveryClient.getAndStoreFullRegistry(DiscoveryClient.java:1030) ~[eureka-client-1.4.12.jar:1.4.12]
	at com.netflix.discovery.DiscoveryClient.fetchRegistry(DiscoveryClient.java:944) [eureka-client-1.4.12.jar:1.4.12]
	at com.netflix.discovery.DiscoveryClient.<init>(DiscoveryClient.java:444) [eureka-client-1.4.12.jar:1.4.12]
	at com.netflix.discovery.DiscoveryClient.<init>(DiscoveryClient.java:304) [eureka-client-1.4.12.jar:1.4.12]
	at org.springframework.cloud.netflix.eureka.CloudEurekaClient.<init>(CloudEurekaClient.java:51) [spring-cloud-netflix-eureka-client-1.2.6.RELEASE.jar:1.2.6.RELEASE]
	at org.springframework.cloud.netflix.eureka.EurekaClientAutoConfiguration$RefreshableEurekaClientConfiguration.eurekaClient(EurekaClientAutoConfiguration.java:192) [spring-cloud-netflix-eureka-client-1.2.6.RELEASE.jar:1.2.6.RELEASE]
	at org.springframework.cloud.netflix.eureka.EurekaClientAutoConfiguration$RefreshableEurekaClientConfiguration$$EnhancerBySpringCGLIB$$3dae9b45.CGLIB$eurekaClient$1(<generated>) [spring-cloud-netflix-eureka-client-1.2.6.RELEASE.jar:1.2.6.RELEASE]
	at org.springframework.cloud.netflix.eureka.EurekaClientAutoConfiguration$RefreshableEurekaClientConfiguration$$EnhancerBySpringCGLIB$$3dae9b45$$FastClassBySpringCGLIB$$919929c1.invoke(<generated>) [spring-cloud-netflix-eureka-client-1.2.6.RELEASE.jar:1.2.6.RELEASE]
	at org.springframework.cglib.proxy.MethodProxy.invokeSuper(MethodProxy.java:228) [spring-core-4.3.7.RELEASE.jar:4.3.7.RELEASE]
	at org.springframework.context.annotation.ConfigurationClassEnhancer$BeanMethodInterceptor.intercept(ConfigurationClassEnhancer.java:358) [spring-context-4.3.7.RELEASE.jar:4.3.7.RELEASE]
	at org.springframework.cloud.netflix.eureka.EurekaClientAutoConfiguration$RefreshableEurekaClientConfiguration$$EnhancerBySpringCGLIB$$3dae9b45.eurekaClient(<generated>) [spring-cloud-netflix-eureka-client-1.2.6.RELEASE.jar:1.2.6.RELEASE]
	at sun.reflect.NativeMethodAccessorImpl.invoke0(Native Method) ~[?:1.8.0_144]
	at sun.reflect.NativeMethodAccessorImpl.invoke(NativeMethodAccessorImpl.java:62) ~[?:1.8.0_144]
	at sun.reflect.DelegatingMethodAccessorImpl.invoke(DelegatingMethodAccessorImpl.java:43) ~[?:1.8.0_144]
	at java.lang.reflect.Method.invoke(Method.java:498) ~[?:1.8.0_144]
	at org.springframework.beans.factory.support.SimpleInstantiationStrategy.instantiate(SimpleInstantiationStrategy.java:162) [spring-beans-4.3.7.RELEASE.jar:4.3.7.RELEASE]
	at org.springframework.beans.factory.support.ConstructorResolver.instantiateUsingFactoryMethod(ConstructorResolver.java:588) [spring-beans-4.3.7.RELEASE.jar:4.3.7.RELEASE]
	at org.springframework.beans.factory.support.AbstractAutowireCapableBeanFactory.instantiateUsingFactoryMethod(AbstractAutowireCapableBeanFactory.java:1173) [spring-beans-4.3.7.RELEASE.jar:4.3.7.RELEASE]
	at org.springframework.beans.factory.support.AbstractAutowireCapableBeanFactory.createBeanInstance(AbstractAutowireCapableBeanFactory.java:1067) [spring-beans-4.3.7.RELEASE.jar:4.3.7.RELEASE]
	at org.springframework.beans.factory.support.AbstractAutowireCapableBeanFactory.doCreateBean(AbstractAutowireCapableBeanFactory.java:513) [spring-beans-4.3.7.RELEASE.jar:4.3.7.RELEASE]
	at org.springframework.beans.factory.support.AbstractAutowireCapableBeanFactory.createBean(AbstractAutowireCapableBeanFactory.java:483) [spring-beans-4.3.7.RELEASE.jar:4.3.7.RELEASE]
	at org.springframework.beans.factory.support.AbstractBeanFactory$2.getObject(AbstractBeanFactory.java:345) [spring-beans-4.3.7.RELEASE.jar:4.3.7.RELEASE]
	at org.springframework.cloud.context.scope.GenericScope$BeanLifecycleWrapper.getBean(GenericScope.java:359) [spring-cloud-context-1.1.8.RELEASE.jar:1.1.8.RELEASE]
	at org.springframework.cloud.context.scope.GenericScope.get(GenericScope.java:176) [spring-cloud-context-1.1.8.RELEASE.jar:1.1.8.RELEASE]
	at org.springframework.beans.factory.support.AbstractBeanFactory.doGetBean(AbstractBeanFactory.java:340) [spring-beans-4.3.7.RELEASE.jar:4.3.7.RELEASE]
	at org.springframework.beans.factory.support.AbstractBeanFactory.getBean(AbstractBeanFactory.java:197) [spring-beans-4.3.7.RELEASE.jar:4.3.7.RELEASE]
	at org.springframework.aop.target.SimpleBeanTargetSource.getTarget(SimpleBeanTargetSource.java:35) [spring-aop-4.3.7.RELEASE.jar:4.3.7.RELEASE]
	at org.springframework.aop.framework.JdkDynamicAopProxy.invoke(JdkDynamicAopProxy.java:192) [spring-aop-4.3.7.RELEASE.jar:4.3.7.RELEASE]
	at com.sun.proxy.$Proxy157.getApplications(Unknown Source) [?:?]
	at org.springframework.cloud.netflix.eureka.EurekaDiscoveryClientConfiguration.maybeInitializeClient(EurekaDiscoveryClientConfiguration.java:120) [spring-cloud-netflix-eureka-client-1.2.6.RELEASE.jar:1.2.6.RELEASE]
	at org.springframework.cloud.netflix.eureka.EurekaDiscoveryClientConfiguration.start(EurekaDiscoveryClientConfiguration.java:97) [spring-cloud-netflix-eureka-client-1.2.6.RELEASE.jar:1.2.6.RELEASE]
	at org.springframework.context.support.DefaultLifecycleProcessor.doStart(DefaultLifecycleProcessor.java:175) [spring-context-4.3.7.RELEASE.jar:4.3.7.RELEASE]
	at org.springframework.context.support.DefaultLifecycleProcessor.access$200(DefaultLifecycleProcessor.java:50) [spring-context-4.3.7.RELEASE.jar:4.3.7.RELEASE]
	at org.springframework.context.support.DefaultLifecycleProcessor$LifecycleGroup.start(DefaultLifecycleProcessor.java:348) [spring-context-4.3.7.RELEASE.jar:4.3.7.RELEASE]
	at org.springframework.context.support.DefaultLifecycleProcessor.startBeans(DefaultLifecycleProcessor.java:151) [spring-context-4.3.7.RELEASE.jar:4.3.7.RELEASE]
	at org.springframework.context.support.DefaultLifecycleProcessor.onRefresh(DefaultLifecycleProcessor.java:114) [spring-context-4.3.7.RELEASE.jar:4.3.7.RELEASE]
	at org.springframework.context.support.AbstractApplicationContext.finishRefresh(AbstractApplicationContext.java:879) [spring-context-4.3.7.RELEASE.jar:4.3.7.RELEASE]
	at org.springframework.boot.context.embedded.EmbeddedWebApplicationContext.finishRefresh(EmbeddedWebApplicationContext.java:144) [spring-boot-1.4.5.RELEASE.jar:1.4.5.RELEASE]
	at org.springframework.context.support.AbstractApplicationContext.refresh(AbstractApplicationContext.java:545) [spring-context-4.3.7.RELEASE.jar:4.3.7.RELEASE]
	at org.springframework.boot.context.embedded.EmbeddedWebApplicationContext.refresh(EmbeddedWebApplicationContext.java:122) [spring-boot-1.4.5.RELEASE.jar:1.4.5.RELEASE]
	at org.springframework.boot.SpringApplication.refresh(SpringApplication.java:762) [spring-boot-1.4.5.RELEASE.jar:1.4.5.RELEASE]
	at org.springframework.boot.SpringApplication.refreshContext(SpringApplication.java:372) [spring-boot-1.4.5.RELEASE.jar:1.4.5.RELEASE]
	at org.springframework.boot.SpringApplication.run(SpringApplication.java:316) [spring-boot-1.4.5.RELEASE.jar:1.4.5.RELEASE]
	at org.springframework.boot.SpringApplication.run(SpringApplication.java:1187) [spring-boot-1.4.5.RELEASE.jar:1.4.5.RELEASE]
	at org.springframework.boot.SpringApplication.run(SpringApplication.java:1176) [spring-boot-1.4.5.RELEASE.jar:1.4.5.RELEASE]
	at com.dhxa.bizcloud.appservice.AppServiceApp.main(AppServiceApp.java:15) [classes/:?]
2017-08-18 11:07:55,564 [33mWARN[m - [33m[,,,][m - [[33mc.n.d.DiscoveryClient[m]  - Using default backup registry implementation which does not do anything.
2017-08-18 11:07:55,566 [32mINFO[m - [33m[,,,][m - [[32mc.n.d.DiscoveryClient[m]  - Not registering with Eureka server per configuration
2017-08-18 11:07:55,569 [32mINFO[m - [33m[,,,][m - [[32mc.n.d.DiscoveryClient[m]  - Discovery Client initialized at timestamp 1503025675568 with initial instances count: 0
2017-08-18 11:07:55,724 [32mINFO[m - [33m[,,,][m - [[32mo.s.c.n.e.EurekaDiscoveryClientConfiguration[m]  - Registering application unknown with eureka with status UP
2017-08-18 11:07:55,732 [32mINFO[m - [33m[,,,][m - [[32mo.s.b.a.e.j.EndpointMBeanExporter[m]  - Located managed bean 'featuresEndpoint': registering with JMX server as MBean [org.springframework.boot:type=Endpoint,name=featuresEndpoint]
2017-08-18 11:07:55,746 [32mINFO[m - [33m[,,,][m - [[32mo.s.b.a.e.j.EndpointMBeanExporter[m]  - Located managed bean 'channelsEndpoint': registering with JMX server as MBean [org.springframework.boot:type=Endpoint,name=channelsEndpoint]
2017-08-18 11:07:55,749 [32mINFO[m - [33m[,,,][m - [[32mo.s.b.a.e.j.EndpointMBeanExporter[m]  - Located managed bean 'requestMappingEndpoint': registering with JMX server as MBean [org.springframework.boot:type=Endpoint,name=requestMappingEndpoint]
2017-08-18 11:07:55,752 [32mINFO[m - [33m[,,,][m - [[32mo.s.b.a.e.j.EndpointMBeanExporter[m]  - Located managed bean 'environmentEndpoint': registering with JMX server as MBean [org.springframework.boot:type=Endpoint,name=environmentEndpoint]
2017-08-18 11:07:55,756 [32mINFO[m - [33m[,,,][m - [[32mo.s.b.a.e.j.EndpointMBeanExporter[m]  - Located managed bean 'healthEndpoint': registering with JMX server as MBean [org.springframework.boot:type=Endpoint,name=healthEndpoint]
2017-08-18 11:07:55,759 [32mINFO[m - [33m[,,,][m - [[32mo.s.b.a.e.j.EndpointMBeanExporter[m]  - Located managed bean 'beansEndpoint': registering with JMX server as MBean [org.springframework.boot:type=Endpoint,name=beansEndpoint]
2017-08-18 11:07:55,763 [32mINFO[m - [33m[,,,][m - [[32mo.s.b.a.e.j.EndpointMBeanExporter[m]  - Located managed bean 'infoEndpoint': registering with JMX server as MBean [org.springframework.boot:type=Endpoint,name=infoEndpoint]
2017-08-18 11:07:55,766 [32mINFO[m - [33m[,,,][m - [[32mo.s.b.a.e.j.EndpointMBeanExporter[m]  - Located managed bean 'metricsEndpoint': registering with JMX server as MBean [org.springframework.boot:type=Endpoint,name=metricsEndpoint]
2017-08-18 11:07:55,769 [32mINFO[m - [33m[,,,][m - [[32mo.s.b.a.e.j.EndpointMBeanExporter[m]  - Located managed bean 'traceEndpoint': registering with JMX server as MBean [org.springframework.boot:type=Endpoint,name=traceEndpoint]
2017-08-18 11:07:55,772 [32mINFO[m - [33m[,,,][m - [[32mo.s.b.a.e.j.EndpointMBeanExporter[m]  - Located managed bean 'dumpEndpoint': registering with JMX server as MBean [org.springframework.boot:type=Endpoint,name=dumpEndpoint]
2017-08-18 11:07:55,776 [32mINFO[m - [33m[,,,][m - [[32mo.s.b.a.e.j.EndpointMBeanExporter[m]  - Located managed bean 'autoConfigurationReportEndpoint': registering with JMX server as MBean [org.springframework.boot:type=Endpoint,name=autoConfigurationReportEndpoint]
2017-08-18 11:07:55,778 [32mINFO[m - [33m[,,,][m - [[32mo.s.b.a.e.j.EndpointMBeanExporter[m]  - Located managed bean 'configurationPropertiesReportEndpoint': registering with JMX server as MBean [org.springframework.boot:type=Endpoint,name=configurationPropertiesReportEndpoint]
2017-08-18 11:07:55,782 [32mINFO[m - [33m[,,,][m - [[32mo.s.b.a.e.j.EndpointMBeanExporter[m]  - Located managed bean 'archaiusEndpoint': registering with JMX server as MBean [org.springframework.boot:type=Endpoint,name=archaiusEndpoint]
2017-08-18 11:07:55,783 [32mINFO[m - [33m[,,,][m - [[32mo.s.i.e.EventDrivenConsumer[m]  - Adding {logging-channel-adapter:_org.springframework.integration.errorLogger} as a subscriber to the 'errorChannel' channel
2017-08-18 11:07:55,783 [32mINFO[m - [33m[,,,][m - [[32mo.s.i.c.PublishSubscribeChannel[m]  - Channel ':8086.errorChannel' has 1 subscriber(s).
2017-08-18 11:07:55,783 [32mINFO[m - [33m[,,,][m - [[32mo.s.i.e.EventDrivenConsumer[m]  - started _org.springframework.integration.errorLogger
2017-08-18 11:07:55,796 [32mINFO[m - [33m[,,,][m - [[32mo.s.i.e.SourcePollingChannelAdapter[m]  - started sleuthStreamSpanReporter.poll.inboundChannelAdapter
2017-08-18 11:07:55,796 [32mINFO[m - [33m[,,,][m - [[32mo.s.c.s.DefaultLifecycleProcessor[m]  - Starting beans in phase 2147482647
2017-08-18 11:07:55,815 [32mINFO[m - [33m[,,,][m - [[32mo.s.c.s.b.r.RabbitMessageChannelBinder[m]  - declaring queue for inbound: _updateClientInfoApiGatewayChannel.anonymous.KeQXxQU0QVmjfY-Tk6ziWw, bound to: _updateClientInfoApiGatewayChannel
2017-08-18 11:07:56,827 [33mWARN[m - [33m[,,,][m - [[33mo.s.a.r.c.RabbitAdmin[m]  - Failed to declare exchange: Exchange [name=_updateClientInfoApiGatewayChannel, type=topic, durable=true, autoDelete=false, internal=false, arguments={}], continuing... org.springframework.amqp.AmqpConnectException: java.net.ConnectException: Connection refused: connect
2017-08-18 11:07:57,831 [33mWARN[m - [33m[,,,][m - [[33mo.s.a.r.c.RabbitAdmin[m]  - Failed to declare queue: Queue [name=_updateClientInfoApiGatewayChannel.anonymous.KeQXxQU0QVmjfY-Tk6ziWw, durable=false, autoDelete=true, exclusive=true, arguments=null], continuing... org.springframework.amqp.AmqpConnectException: java.net.ConnectException: Connection refused: connect
2017-08-18 11:07:58,850 [33mWARN[m - [33m[,,,][m - [[33mo.s.a.r.c.RabbitAdmin[m]  - Failed to declare binding: Binding [destination=_updateClientInfoApiGatewayChannel.anonymous.KeQXxQU0QVmjfY-Tk6ziWw, exchange=_updateClientInfoApiGatewayChannel, routingKey=#], continuing... org.springframework.amqp.AmqpConnectException: java.net.ConnectException: Connection refused: connect
2017-08-18 11:07:59,909 [32mINFO[m - [33m[,,,][m - [[32mo.s.i.a.i.AmqpInboundChannelAdapter[m]  - started inbound._updateClientInfoApiGatewayChannel.anonymous.p2yXZQ9qRqe3ldpJnM2FyQ
2017-08-18 11:07:59,909 [32mINFO[m - [33m[,,,][m - [[32mo.s.i.e.EventDrivenConsumer[m]  - Adding {message-handler:inbound._updateClientInfoApiGatewayChannel.default} as a subscriber to the 'bridge._updateClientInfoApiGatewayChannel' channel
2017-08-18 11:07:59,910 [32mINFO[m - [33m[,,,][m - [[32mo.s.i.e.EventDrivenConsumer[m]  - started inbound._updateClientInfoApiGatewayChannel.default
2017-08-18 11:07:59,912 [32mINFO[m - [33m[,,,][m - [[32mo.s.c.s.b.r.RabbitMessageChannelBinder[m]  - declaring queue for inbound: _updateClientInfoChannel.anonymous.AXpVdlVqQgm3vSl6Dxgc6A, bound to: _updateClientInfoChannel
2017-08-18 11:08:00,913 [33mWARN[m - [33m[,,,][m - [[33mo.s.a.r.c.RabbitAdmin[m]  - Failed to declare exchange: Exchange [name=_updateClientInfoChannel, type=topic, durable=true, autoDelete=false, internal=false, arguments={}], continuing... org.springframework.amqp.AmqpConnectException: java.net.ConnectException: Connection refused: connect
2017-08-18 11:08:01,914 [33mWARN[m - [33m[,,,][m - [[33mo.s.a.r.c.RabbitAdmin[m]  - Failed to declare queue: Queue [name=_updateClientInfoChannel.anonymous.AXpVdlVqQgm3vSl6Dxgc6A, durable=false, autoDelete=true, exclusive=true, arguments=null], continuing... org.springframework.amqp.AmqpConnectException: java.net.ConnectException: Connection refused: connect
2017-08-18 11:08:02,916 [33mWARN[m - [33m[,,,][m - [[33mo.s.a.r.c.RabbitAdmin[m]  - Failed to declare binding: Binding [destination=_updateClientInfoChannel.anonymous.AXpVdlVqQgm3vSl6Dxgc6A, exchange=_updateClientInfoChannel, routingKey=#], continuing... org.springframework.amqp.AmqpConnectException: java.net.ConnectException: Connection refused: connect
2017-08-18 11:08:03,920 [32mINFO[m - [33m[,,,][m - [[32mo.s.i.a.i.AmqpInboundChannelAdapter[m]  - started inbound._updateClientInfoChannel.anonymous.YB8eEr8PQP6ZhRe_VS21aA
2017-08-18 11:08:03,920 [32mINFO[m - [33m[,,,][m - [[32mo.s.i.e.EventDrivenConsumer[m]  - Adding {message-handler:inbound._updateClientInfoChannel.default} as a subscriber to the 'bridge._updateClientInfoChannel' channel
2017-08-18 11:08:03,920 [32mINFO[m - [33m[,,,][m - [[32mo.s.i.e.EventDrivenConsumer[m]  - started inbound._updateClientInfoChannel.default
2017-08-18 11:08:03,920 [32mINFO[m - [33m[,,,][m - [[32mo.s.c.s.DefaultLifecycleProcessor[m]  - Starting beans in phase 2147483647
2017-08-18 11:08:03,943 [32mINFO[m - [33m[,,,][m - [[32mo.a.c.h.Http11NioProtocol[m]  - Initializing ProtocolHandler ["http-nio-8086"]
2017-08-18 11:08:03,960 [32mINFO[m - [33m[,,,][m - [[32mo.a.c.h.Http11NioProtocol[m]  - Starting ProtocolHandler [http-nio-8086]
2017-08-18 11:08:03,973 [32mINFO[m - [33m[,,,][m - [[32mo.a.t.u.n.NioSelectorPool[m]  - Using a shared selector for servlet write/read
2017-08-18 11:08:03,990 [32mINFO[m - [33m[,,,][m - [[32mo.s.b.c.e.t.TomcatEmbeddedServletContainer[m]  - Tomcat started on port(s): 8086 (http)
2017-08-18 11:08:03,991 [32mINFO[m - [33m[,,,][m - [[32mo.s.c.n.e.EurekaDiscoveryClientConfiguration[m]  - Updating port to 8086
2017-08-18 11:08:03,995 [32mINFO[m - [33m[,,,][m - [[32mc.r.b.c.c.a.AppStartedAutoConfiguration[m]  - FixtureApplicationStarter start.
2017-08-18 11:08:04,014 [32mINFO[m - [33m[,,,][m - [[32mc.r.b.c.c.a.FixtureAutoConfiguration[m]  - prepared to create EVOLUTION table. 
2017-08-18 11:08:04,016 [32mINFO[m - [33m[,,,][m - [[32mc.r.b.c.c.a.AppStartedAutoConfiguration[m]  - load fixture factories: []
2017-08-18 11:08:04,017 [32mINFO[m - [33m[,,,][m - [[32mc.d.b.a.AppServiceApp[m]  - Started AppServiceApp in 38.118 seconds (JVM running for 39.112)
2017-08-18 11:08:04,917 [33mWARN[m - [33m[,,,][m - [[33mo.s.a.r.l.SimpleMessageListenerContainer[m]  - Consumer raised exception, processing can restart if the connection factory supports it. Exception summary: org.springframework.amqp.AmqpConnectException: java.net.ConnectException: Connection refused: connect
2017-08-18 11:08:04,918 [32mINFO[m - [33m[,,,][m - [[32mo.s.a.r.l.SimpleMessageListenerContainer[m]  - Restarting Consumer: tags=[{}], channel=null, acknowledgeMode=AUTO local queue size=0
2017-08-18 11:08:08,929 [33mWARN[m - [33m[,,,][m - [[33mo.s.a.r.l.SimpleMessageListenerContainer[m]  - Consumer raised exception, processing can restart if the connection factory supports it. Exception summary: org.springframework.amqp.AmqpConnectException: java.net.ConnectException: Connection refused: connect
2017-08-18 11:08:08,929 [32mINFO[m - [33m[,,,][m - [[32mo.s.a.r.l.SimpleMessageListenerContainer[m]  - Restarting Consumer: tags=[{}], channel=null, acknowledgeMode=AUTO local queue size=0
2017-08-18 11:08:10,947 [33mWARN[m - [33m[,,,][m - [[33mo.s.a.r.l.SimpleMessageListenerContainer[m]  - Consumer raised exception, processing can restart if the connection factory supports it. Exception summary: org.springframework.amqp.AmqpConnectException: java.net.ConnectException: Connection refused: connect
2017-08-18 11:08:10,947 [32mINFO[m - [33m[,,,][m - [[32mo.s.a.r.l.SimpleMessageListenerContainer[m]  - Restarting Consumer: tags=[{}], channel=null, acknowledgeMode=AUTO local queue size=0
2017-08-18 11:08:14,941 [33mWARN[m - [33m[,,,][m - [[33mo.s.a.r.l.SimpleMessageListenerContainer[m]  - Consumer raised exception, processing can restart if the connection factory supports it. Exception summary: org.springframework.amqp.AmqpConnectException: java.net.ConnectException: Connection refused: connect
2017-08-18 11:08:14,941 [32mINFO[m - [33m[,,,][m - [[32mo.s.a.r.l.SimpleMessageListenerContainer[m]  - Restarting Consumer: tags=[{}], channel=null, acknowledgeMode=AUTO local queue size=0
2017-08-18 11:08:16,963 [33mWARN[m - [33m[,,,][m - [[33mo.s.a.r.l.SimpleMessageListenerContainer[m]  - Consumer raised exception, processing can restart if the connection factory supports it. Exception summary: org.springframework.amqp.AmqpConnectException: java.net.ConnectException: Connection refused: connect
2017-08-18 11:08:16,963 [32mINFO[m - [33m[,,,][m - [[32mo.s.a.r.l.SimpleMessageListenerContainer[m]  - Restarting Consumer: tags=[{}], channel=null, acknowledgeMode=AUTO local queue size=0
2017-08-18 11:08:17,819 [32mINFO[m - [33m[,,,][m - [[32mo.a.c.c.C.[.[.[/][m]  - Initializing Spring FrameworkServlet 'dispatcherServlet'
2017-08-18 11:08:17,819 [32mINFO[m - [33m[,,,][m - [[32mo.s.w.s.DispatcherServlet[m]  - FrameworkServlet 'dispatcherServlet': initialization started
2017-08-18 11:08:17,913 [32mINFO[m - [33m[,,,][m - [[32mo.s.w.s.DispatcherServlet[m]  - FrameworkServlet 'dispatcherServlet': initialization completed in 94 ms
2017-08-18 11:08:20,966 [33mWARN[m - [33m[,,,][m - [[33mo.s.a.r.l.SimpleMessageListenerContainer[m]  - Consumer raised exception, processing can restart if the connection factory supports it. Exception summary: org.springframework.amqp.AmqpConnectException: java.net.ConnectException: Connection refused: connect
2017-08-18 11:08:20,966 [32mINFO[m - [33m[,,,][m - [[32mo.s.a.r.l.SimpleMessageListenerContainer[m]  - Restarting Consumer: tags=[{}], channel=null, acknowledgeMode=AUTO local queue size=0
2017-08-18 11:08:22,985 [33mWARN[m - [33m[,,,][m - [[33mo.s.a.r.l.SimpleMessageListenerContainer[m]  - Consumer raised exception, processing can restart if the connection factory supports it. Exception summary: org.springframework.amqp.AmqpConnectException: java.net.ConnectException: Connection refused: connect
2017-08-18 11:08:22,985 [32mINFO[m - [33m[,,,][m - [[32mo.s.a.r.l.SimpleMessageListenerContainer[m]  - Restarting Consumer: tags=[{}], channel=null, acknowledgeMode=AUTO local queue size=0
